{"date":"Wed Mar 20 2024 03:22:35 GMT+0100 (centraleuropeisk normaltid)","error":{},"exception":true,"level":"error","message":"uncaughtException: Cannot read properties of undefined (reading 'basename')\nTypeError: Cannot read properties of undefined (reading 'basename')\n    at Object.<anonymous> (C:\\Users\\Viktor\\Desktop\\Interest-app-backend\\users-ms\\index.ts:10:23)\n    at Module._compile (node:internal/modules/cjs/loader:1376:14)\n    at Module.m._compile (C:\\Users\\Viktor\\Desktop\\Interest-app-backend\\users-ms\\node_modules\\ts-node\\src\\index.ts:1618:23)\n    at Module._extensions..js (node:internal/modules/cjs/loader:1435:10)\n    at Object.require.extensions.<computed> [as .ts] (C:\\Users\\Viktor\\Desktop\\Interest-app-backend\\users-ms\\node_modules\\ts-node\\src\\index.ts:1621:12)\n    at Module.load (node:internal/modules/cjs/loader:1207:32)\n    at Function.Module._load (node:internal/modules/cjs/loader:1023:12)\n    at Function.executeUserEntryPoint [as runMain] (node:internal/modules/run_main:135:12)\n    at phase4 (C:\\Users\\Viktor\\Desktop\\Interest-app-backend\\users-ms\\node_modules\\ts-node\\src\\bin.ts:649:14)\n    at bootstrap (C:\\Users\\Viktor\\Desktop\\Interest-app-backend\\users-ms\\node_modules\\ts-node\\src\\bin.ts:95:10)","os":{"loadavg":[0,0,0],"uptime":1591626.343},"process":{"argv":["C:\\Users\\Viktor\\Desktop\\Interest-app-backend\\users-ms\\node_modules\\ts-node\\dist\\bin.js","C:\\Users\\Viktor\\Desktop\\Interest-app-backend\\users-ms\\index.ts"],"cwd":"C:\\Users\\Viktor\\Desktop\\Interest-app-backend\\users-ms","execPath":"C:\\Users\\Viktor\\.nvm\\versions\\node\\v21.3.0\\bin\\node.exe","gid":null,"memoryUsage":{"arrayBuffers":2500535,"external":5454809,"heapTotal":75784192,"heapUsed":45087312,"rss":95182848},"pid":9356,"uid":null,"version":"v21.3.0"},"stack":"TypeError: Cannot read properties of undefined (reading 'basename')\n    at Object.<anonymous> (C:\\Users\\Viktor\\Desktop\\Interest-app-backend\\users-ms\\index.ts:10:23)\n    at Module._compile (node:internal/modules/cjs/loader:1376:14)\n    at Module.m._compile (C:\\Users\\Viktor\\Desktop\\Interest-app-backend\\users-ms\\node_modules\\ts-node\\src\\index.ts:1618:23)\n    at Module._extensions..js (node:internal/modules/cjs/loader:1435:10)\n    at Object.require.extensions.<computed> [as .ts] (C:\\Users\\Viktor\\Desktop\\Interest-app-backend\\users-ms\\node_modules\\ts-node\\src\\index.ts:1621:12)\n    at Module.load (node:internal/modules/cjs/loader:1207:32)\n    at Function.Module._load (node:internal/modules/cjs/loader:1023:12)\n    at Function.executeUserEntryPoint [as runMain] (node:internal/modules/run_main:135:12)\n    at phase4 (C:\\Users\\Viktor\\Desktop\\Interest-app-backend\\users-ms\\node_modules\\ts-node\\src\\bin.ts:649:14)\n    at bootstrap (C:\\Users\\Viktor\\Desktop\\Interest-app-backend\\users-ms\\node_modules\\ts-node\\src\\bin.ts:95:10)","timestamp":"2024-03-20 03:22:35","trace":[{"column":23,"file":"C:\\Users\\Viktor\\Desktop\\Interest-app-backend\\users-ms\\index.ts","function":null,"line":10,"method":null,"native":false},{"column":14,"file":"node:internal/modules/cjs/loader","function":"Module._compile","line":1376,"method":"_compile","native":false},{"column":23,"file":"C:\\Users\\Viktor\\Desktop\\Interest-app-backend\\users-ms\\node_modules\\ts-node\\src\\index.ts","function":"Module.m._compile","line":1618,"method":"_compile","native":false},{"column":10,"file":"node:internal/modules/cjs/loader","function":"Module._extensions..js","line":1435,"method":".js","native":false},{"column":12,"file":"C:\\Users\\Viktor\\Desktop\\Interest-app-backend\\users-ms\\node_modules\\ts-node\\src\\index.ts","function":"Object.require.extensions.<computed> [as .ts]","line":1621,"method":"ts]","native":false},{"column":32,"file":"node:internal/modules/cjs/loader","function":"Module.load","line":1207,"method":"load","native":false},{"column":12,"file":"node:internal/modules/cjs/loader","function":"Module._load","line":1023,"method":"_load","native":false},{"column":12,"file":"node:internal/modules/run_main","function":"Function.executeUserEntryPoint [as runMain]","line":135,"method":"executeUserEntryPoint [as runMain]","native":false},{"column":14,"file":"C:\\Users\\Viktor\\Desktop\\Interest-app-backend\\users-ms\\node_modules\\ts-node\\src\\bin.ts","function":"phase4","line":649,"method":null,"native":false},{"column":10,"file":"C:\\Users\\Viktor\\Desktop\\Interest-app-backend\\users-ms\\node_modules\\ts-node\\src\\bin.ts","function":"bootstrap","line":95,"method":null,"native":false}]}
{"date":"Wed Mar 20 2024 03:22:52 GMT+0100 (centraleuropeisk normaltid)","error":{},"exception":true,"level":"error","message":"uncaughtException: Cannot read properties of undefined (reading 'basename')\nTypeError: Cannot read properties of undefined (reading 'basename')\n    at Object.<anonymous> (C:\\Users\\Viktor\\Desktop\\Interest-app-backend\\users-ms\\index.ts:10:23)\n    at Module._compile (node:internal/modules/cjs/loader:1376:14)\n    at Module.m._compile (C:\\Users\\Viktor\\Desktop\\Interest-app-backend\\users-ms\\node_modules\\ts-node\\src\\index.ts:1618:23)\n    at Module._extensions..js (node:internal/modules/cjs/loader:1435:10)\n    at Object.require.extensions.<computed> [as .ts] (C:\\Users\\Viktor\\Desktop\\Interest-app-backend\\users-ms\\node_modules\\ts-node\\src\\index.ts:1621:12)\n    at Module.load (node:internal/modules/cjs/loader:1207:32)\n    at Function.Module._load (node:internal/modules/cjs/loader:1023:12)\n    at Function.executeUserEntryPoint [as runMain] (node:internal/modules/run_main:135:12)\n    at phase4 (C:\\Users\\Viktor\\Desktop\\Interest-app-backend\\users-ms\\node_modules\\ts-node\\src\\bin.ts:649:14)\n    at bootstrap (C:\\Users\\Viktor\\Desktop\\Interest-app-backend\\users-ms\\node_modules\\ts-node\\src\\bin.ts:95:10)","os":{"loadavg":[0,0,0],"uptime":1591643.171},"process":{"argv":["C:\\Users\\Viktor\\Desktop\\Interest-app-backend\\users-ms\\node_modules\\ts-node\\dist\\bin.js","C:\\Users\\Viktor\\Desktop\\Interest-app-backend\\users-ms\\index.ts"],"cwd":"C:\\Users\\Viktor\\Desktop\\Interest-app-backend\\users-ms","execPath":"C:\\Users\\Viktor\\.nvm\\versions\\node\\v21.3.0\\bin\\node.exe","gid":null,"memoryUsage":{"arrayBuffers":2500551,"external":5454825,"heapTotal":76046336,"heapUsed":45028984,"rss":94896128},"pid":28436,"uid":null,"version":"v21.3.0"},"stack":"TypeError: Cannot read properties of undefined (reading 'basename')\n    at Object.<anonymous> (C:\\Users\\Viktor\\Desktop\\Interest-app-backend\\users-ms\\index.ts:10:23)\n    at Module._compile (node:internal/modules/cjs/loader:1376:14)\n    at Module.m._compile (C:\\Users\\Viktor\\Desktop\\Interest-app-backend\\users-ms\\node_modules\\ts-node\\src\\index.ts:1618:23)\n    at Module._extensions..js (node:internal/modules/cjs/loader:1435:10)\n    at Object.require.extensions.<computed> [as .ts] (C:\\Users\\Viktor\\Desktop\\Interest-app-backend\\users-ms\\node_modules\\ts-node\\src\\index.ts:1621:12)\n    at Module.load (node:internal/modules/cjs/loader:1207:32)\n    at Function.Module._load (node:internal/modules/cjs/loader:1023:12)\n    at Function.executeUserEntryPoint [as runMain] (node:internal/modules/run_main:135:12)\n    at phase4 (C:\\Users\\Viktor\\Desktop\\Interest-app-backend\\users-ms\\node_modules\\ts-node\\src\\bin.ts:649:14)\n    at bootstrap (C:\\Users\\Viktor\\Desktop\\Interest-app-backend\\users-ms\\node_modules\\ts-node\\src\\bin.ts:95:10)","timestamp":"2024-03-20 03:22:52","trace":[{"column":23,"file":"C:\\Users\\Viktor\\Desktop\\Interest-app-backend\\users-ms\\index.ts","function":null,"line":10,"method":null,"native":false},{"column":14,"file":"node:internal/modules/cjs/loader","function":"Module._compile","line":1376,"method":"_compile","native":false},{"column":23,"file":"C:\\Users\\Viktor\\Desktop\\Interest-app-backend\\users-ms\\node_modules\\ts-node\\src\\index.ts","function":"Module.m._compile","line":1618,"method":"_compile","native":false},{"column":10,"file":"node:internal/modules/cjs/loader","function":"Module._extensions..js","line":1435,"method":".js","native":false},{"column":12,"file":"C:\\Users\\Viktor\\Desktop\\Interest-app-backend\\users-ms\\node_modules\\ts-node\\src\\index.ts","function":"Object.require.extensions.<computed> [as .ts]","line":1621,"method":"ts]","native":false},{"column":32,"file":"node:internal/modules/cjs/loader","function":"Module.load","line":1207,"method":"load","native":false},{"column":12,"file":"node:internal/modules/cjs/loader","function":"Module._load","line":1023,"method":"_load","native":false},{"column":12,"file":"node:internal/modules/run_main","function":"Function.executeUserEntryPoint [as runMain]","line":135,"method":"executeUserEntryPoint [as runMain]","native":false},{"column":14,"file":"C:\\Users\\Viktor\\Desktop\\Interest-app-backend\\users-ms\\node_modules\\ts-node\\src\\bin.ts","function":"phase4","line":649,"method":null,"native":false},{"column":10,"file":"C:\\Users\\Viktor\\Desktop\\Interest-app-backend\\users-ms\\node_modules\\ts-node\\src\\bin.ts","function":"bootstrap","line":95,"method":null,"native":false}]}
{"date":"Wed Mar 20 2024 03:23:07 GMT+0100 (centraleuropeisk normaltid)","error":{},"exception":true,"level":"error","message":"uncaughtException: Cannot read properties of undefined (reading 'basename')\nTypeError: Cannot read properties of undefined (reading 'basename')\n    at Object.<anonymous> (C:\\Users\\Viktor\\Desktop\\Interest-app-backend\\users-ms\\index.ts:10:23)\n    at Module._compile (node:internal/modules/cjs/loader:1376:14)\n    at Module.m._compile (C:\\Users\\Viktor\\Desktop\\Interest-app-backend\\users-ms\\node_modules\\ts-node\\src\\index.ts:1618:23)\n    at Module._extensions..js (node:internal/modules/cjs/loader:1435:10)\n    at Object.require.extensions.<computed> [as .ts] (C:\\Users\\Viktor\\Desktop\\Interest-app-backend\\users-ms\\node_modules\\ts-node\\src\\index.ts:1621:12)\n    at Module.load (node:internal/modules/cjs/loader:1207:32)\n    at Function.Module._load (node:internal/modules/cjs/loader:1023:12)\n    at Function.executeUserEntryPoint [as runMain] (node:internal/modules/run_main:135:12)\n    at phase4 (C:\\Users\\Viktor\\Desktop\\Interest-app-backend\\users-ms\\node_modules\\ts-node\\src\\bin.ts:649:14)\n    at bootstrap (C:\\Users\\Viktor\\Desktop\\Interest-app-backend\\users-ms\\node_modules\\ts-node\\src\\bin.ts:95:10)","os":{"loadavg":[0,0,0],"uptime":1591658.734},"process":{"argv":["C:\\Users\\Viktor\\Desktop\\Interest-app-backend\\users-ms\\node_modules\\ts-node\\dist\\bin.js","C:\\Users\\Viktor\\Desktop\\Interest-app-backend\\users-ms\\index.ts"],"cwd":"C:\\Users\\Viktor\\Desktop\\Interest-app-backend\\users-ms","execPath":"C:\\Users\\Viktor\\.nvm\\versions\\node\\v21.3.0\\bin\\node.exe","gid":null,"memoryUsage":{"arrayBuffers":2492319,"external":5446593,"heapTotal":76308480,"heapUsed":44183664,"rss":95776768},"pid":20832,"uid":null,"version":"v21.3.0"},"stack":"TypeError: Cannot read properties of undefined (reading 'basename')\n    at Object.<anonymous> (C:\\Users\\Viktor\\Desktop\\Interest-app-backend\\users-ms\\index.ts:10:23)\n    at Module._compile (node:internal/modules/cjs/loader:1376:14)\n    at Module.m._compile (C:\\Users\\Viktor\\Desktop\\Interest-app-backend\\users-ms\\node_modules\\ts-node\\src\\index.ts:1618:23)\n    at Module._extensions..js (node:internal/modules/cjs/loader:1435:10)\n    at Object.require.extensions.<computed> [as .ts] (C:\\Users\\Viktor\\Desktop\\Interest-app-backend\\users-ms\\node_modules\\ts-node\\src\\index.ts:1621:12)\n    at Module.load (node:internal/modules/cjs/loader:1207:32)\n    at Function.Module._load (node:internal/modules/cjs/loader:1023:12)\n    at Function.executeUserEntryPoint [as runMain] (node:internal/modules/run_main:135:12)\n    at phase4 (C:\\Users\\Viktor\\Desktop\\Interest-app-backend\\users-ms\\node_modules\\ts-node\\src\\bin.ts:649:14)\n    at bootstrap (C:\\Users\\Viktor\\Desktop\\Interest-app-backend\\users-ms\\node_modules\\ts-node\\src\\bin.ts:95:10)","timestamp":"2024-03-20 03:23:07","trace":[{"column":23,"file":"C:\\Users\\Viktor\\Desktop\\Interest-app-backend\\users-ms\\index.ts","function":null,"line":10,"method":null,"native":false},{"column":14,"file":"node:internal/modules/cjs/loader","function":"Module._compile","line":1376,"method":"_compile","native":false},{"column":23,"file":"C:\\Users\\Viktor\\Desktop\\Interest-app-backend\\users-ms\\node_modules\\ts-node\\src\\index.ts","function":"Module.m._compile","line":1618,"method":"_compile","native":false},{"column":10,"file":"node:internal/modules/cjs/loader","function":"Module._extensions..js","line":1435,"method":".js","native":false},{"column":12,"file":"C:\\Users\\Viktor\\Desktop\\Interest-app-backend\\users-ms\\node_modules\\ts-node\\src\\index.ts","function":"Object.require.extensions.<computed> [as .ts]","line":1621,"method":"ts]","native":false},{"column":32,"file":"node:internal/modules/cjs/loader","function":"Module.load","line":1207,"method":"load","native":false},{"column":12,"file":"node:internal/modules/cjs/loader","function":"Module._load","line":1023,"method":"_load","native":false},{"column":12,"file":"node:internal/modules/run_main","function":"Function.executeUserEntryPoint [as runMain]","line":135,"method":"executeUserEntryPoint [as runMain]","native":false},{"column":14,"file":"C:\\Users\\Viktor\\Desktop\\Interest-app-backend\\users-ms\\node_modules\\ts-node\\src\\bin.ts","function":"phase4","line":649,"method":null,"native":false},{"column":10,"file":"C:\\Users\\Viktor\\Desktop\\Interest-app-backend\\users-ms\\node_modules\\ts-node\\src\\bin.ts","function":"bootstrap","line":95,"method":null,"native":false}]}
{"date":"Wed Mar 20 2024 03:23:34 GMT+0100 (centraleuropeisk normaltid)","error":{},"exception":true,"level":"error","message":"uncaughtException: Cannot read properties of undefined (reading 'basename')\nTypeError: Cannot read properties of undefined (reading 'basename')\n    at Object.<anonymous> (C:\\Users\\Viktor\\Desktop\\Interest-app-backend\\users-ms\\index.ts:10:23)\n    at Module._compile (node:internal/modules/cjs/loader:1376:14)\n    at Module.m._compile (C:\\Users\\Viktor\\Desktop\\Interest-app-backend\\users-ms\\node_modules\\ts-node\\src\\index.ts:1618:23)\n    at Module._extensions..js (node:internal/modules/cjs/loader:1435:10)\n    at Object.require.extensions.<computed> [as .ts] (C:\\Users\\Viktor\\Desktop\\Interest-app-backend\\users-ms\\node_modules\\ts-node\\src\\index.ts:1621:12)\n    at Module.load (node:internal/modules/cjs/loader:1207:32)\n    at Function.Module._load (node:internal/modules/cjs/loader:1023:12)\n    at Function.executeUserEntryPoint [as runMain] (node:internal/modules/run_main:135:12)\n    at phase4 (C:\\Users\\Viktor\\Desktop\\Interest-app-backend\\users-ms\\node_modules\\ts-node\\src\\bin.ts:649:14)\n    at bootstrap (C:\\Users\\Viktor\\Desktop\\Interest-app-backend\\users-ms\\node_modules\\ts-node\\src\\bin.ts:95:10)","os":{"loadavg":[0,0,0],"uptime":1591684.921},"process":{"argv":["C:\\Users\\Viktor\\Desktop\\Interest-app-backend\\users-ms\\node_modules\\ts-node\\dist\\bin.js","C:\\Users\\Viktor\\Desktop\\Interest-app-backend\\users-ms\\index.ts"],"cwd":"C:\\Users\\Viktor\\Desktop\\Interest-app-backend\\users-ms","execPath":"C:\\Users\\Viktor\\.nvm\\versions\\node\\v21.3.0\\bin\\node.exe","gid":null,"memoryUsage":{"arrayBuffers":2500455,"external":5454729,"heapTotal":76046336,"heapUsed":45038768,"rss":94887936},"pid":17680,"uid":null,"version":"v21.3.0"},"stack":"TypeError: Cannot read properties of undefined (reading 'basename')\n    at Object.<anonymous> (C:\\Users\\Viktor\\Desktop\\Interest-app-backend\\users-ms\\index.ts:10:23)\n    at Module._compile (node:internal/modules/cjs/loader:1376:14)\n    at Module.m._compile (C:\\Users\\Viktor\\Desktop\\Interest-app-backend\\users-ms\\node_modules\\ts-node\\src\\index.ts:1618:23)\n    at Module._extensions..js (node:internal/modules/cjs/loader:1435:10)\n    at Object.require.extensions.<computed> [as .ts] (C:\\Users\\Viktor\\Desktop\\Interest-app-backend\\users-ms\\node_modules\\ts-node\\src\\index.ts:1621:12)\n    at Module.load (node:internal/modules/cjs/loader:1207:32)\n    at Function.Module._load (node:internal/modules/cjs/loader:1023:12)\n    at Function.executeUserEntryPoint [as runMain] (node:internal/modules/run_main:135:12)\n    at phase4 (C:\\Users\\Viktor\\Desktop\\Interest-app-backend\\users-ms\\node_modules\\ts-node\\src\\bin.ts:649:14)\n    at bootstrap (C:\\Users\\Viktor\\Desktop\\Interest-app-backend\\users-ms\\node_modules\\ts-node\\src\\bin.ts:95:10)","timestamp":"2024-03-20 03:23:34","trace":[{"column":23,"file":"C:\\Users\\Viktor\\Desktop\\Interest-app-backend\\users-ms\\index.ts","function":null,"line":10,"method":null,"native":false},{"column":14,"file":"node:internal/modules/cjs/loader","function":"Module._compile","line":1376,"method":"_compile","native":false},{"column":23,"file":"C:\\Users\\Viktor\\Desktop\\Interest-app-backend\\users-ms\\node_modules\\ts-node\\src\\index.ts","function":"Module.m._compile","line":1618,"method":"_compile","native":false},{"column":10,"file":"node:internal/modules/cjs/loader","function":"Module._extensions..js","line":1435,"method":".js","native":false},{"column":12,"file":"C:\\Users\\Viktor\\Desktop\\Interest-app-backend\\users-ms\\node_modules\\ts-node\\src\\index.ts","function":"Object.require.extensions.<computed> [as .ts]","line":1621,"method":"ts]","native":false},{"column":32,"file":"node:internal/modules/cjs/loader","function":"Module.load","line":1207,"method":"load","native":false},{"column":12,"file":"node:internal/modules/cjs/loader","function":"Module._load","line":1023,"method":"_load","native":false},{"column":12,"file":"node:internal/modules/run_main","function":"Function.executeUserEntryPoint [as runMain]","line":135,"method":"executeUserEntryPoint [as runMain]","native":false},{"column":14,"file":"C:\\Users\\Viktor\\Desktop\\Interest-app-backend\\users-ms\\node_modules\\ts-node\\src\\bin.ts","function":"phase4","line":649,"method":null,"native":false},{"column":10,"file":"C:\\Users\\Viktor\\Desktop\\Interest-app-backend\\users-ms\\node_modules\\ts-node\\src\\bin.ts","function":"bootstrap","line":95,"method":null,"native":false}]}
{"date":"Wed Mar 20 2024 03:23:36 GMT+0100 (centraleuropeisk normaltid)","error":{},"exception":true,"level":"error","message":"uncaughtException: Cannot read properties of undefined (reading 'basename')\nTypeError: Cannot read properties of undefined (reading 'basename')\n    at Object.<anonymous> (C:\\Users\\Viktor\\Desktop\\Interest-app-backend\\users-ms\\index.ts:10:23)\n    at Module._compile (node:internal/modules/cjs/loader:1376:14)\n    at Module.m._compile (C:\\Users\\Viktor\\Desktop\\Interest-app-backend\\users-ms\\node_modules\\ts-node\\src\\index.ts:1618:23)\n    at Module._extensions..js (node:internal/modules/cjs/loader:1435:10)\n    at Object.require.extensions.<computed> [as .ts] (C:\\Users\\Viktor\\Desktop\\Interest-app-backend\\users-ms\\node_modules\\ts-node\\src\\index.ts:1621:12)\n    at Module.load (node:internal/modules/cjs/loader:1207:32)\n    at Function.Module._load (node:internal/modules/cjs/loader:1023:12)\n    at Function.executeUserEntryPoint [as runMain] (node:internal/modules/run_main:135:12)\n    at phase4 (C:\\Users\\Viktor\\Desktop\\Interest-app-backend\\users-ms\\node_modules\\ts-node\\src\\bin.ts:649:14)\n    at bootstrap (C:\\Users\\Viktor\\Desktop\\Interest-app-backend\\users-ms\\node_modules\\ts-node\\src\\bin.ts:95:10)","os":{"loadavg":[0,0,0],"uptime":1591687.109},"process":{"argv":["C:\\Users\\Viktor\\Desktop\\Interest-app-backend\\users-ms\\node_modules\\ts-node\\dist\\bin.js","C:\\Users\\Viktor\\Desktop\\Interest-app-backend\\users-ms\\index.ts"],"cwd":"C:\\Users\\Viktor\\Desktop\\Interest-app-backend\\users-ms","execPath":"C:\\Users\\Viktor\\.nvm\\versions\\node\\v21.3.0\\bin\\node.exe","gid":null,"memoryUsage":{"arrayBuffers":2492343,"external":5446617,"heapTotal":76046336,"heapUsed":43992680,"rss":95248384},"pid":12980,"uid":null,"version":"v21.3.0"},"stack":"TypeError: Cannot read properties of undefined (reading 'basename')\n    at Object.<anonymous> (C:\\Users\\Viktor\\Desktop\\Interest-app-backend\\users-ms\\index.ts:10:23)\n    at Module._compile (node:internal/modules/cjs/loader:1376:14)\n    at Module.m._compile (C:\\Users\\Viktor\\Desktop\\Interest-app-backend\\users-ms\\node_modules\\ts-node\\src\\index.ts:1618:23)\n    at Module._extensions..js (node:internal/modules/cjs/loader:1435:10)\n    at Object.require.extensions.<computed> [as .ts] (C:\\Users\\Viktor\\Desktop\\Interest-app-backend\\users-ms\\node_modules\\ts-node\\src\\index.ts:1621:12)\n    at Module.load (node:internal/modules/cjs/loader:1207:32)\n    at Function.Module._load (node:internal/modules/cjs/loader:1023:12)\n    at Function.executeUserEntryPoint [as runMain] (node:internal/modules/run_main:135:12)\n    at phase4 (C:\\Users\\Viktor\\Desktop\\Interest-app-backend\\users-ms\\node_modules\\ts-node\\src\\bin.ts:649:14)\n    at bootstrap (C:\\Users\\Viktor\\Desktop\\Interest-app-backend\\users-ms\\node_modules\\ts-node\\src\\bin.ts:95:10)","timestamp":"2024-03-20 03:23:36","trace":[{"column":23,"file":"C:\\Users\\Viktor\\Desktop\\Interest-app-backend\\users-ms\\index.ts","function":null,"line":10,"method":null,"native":false},{"column":14,"file":"node:internal/modules/cjs/loader","function":"Module._compile","line":1376,"method":"_compile","native":false},{"column":23,"file":"C:\\Users\\Viktor\\Desktop\\Interest-app-backend\\users-ms\\node_modules\\ts-node\\src\\index.ts","function":"Module.m._compile","line":1618,"method":"_compile","native":false},{"column":10,"file":"node:internal/modules/cjs/loader","function":"Module._extensions..js","line":1435,"method":".js","native":false},{"column":12,"file":"C:\\Users\\Viktor\\Desktop\\Interest-app-backend\\users-ms\\node_modules\\ts-node\\src\\index.ts","function":"Object.require.extensions.<computed> [as .ts]","line":1621,"method":"ts]","native":false},{"column":32,"file":"node:internal/modules/cjs/loader","function":"Module.load","line":1207,"method":"load","native":false},{"column":12,"file":"node:internal/modules/cjs/loader","function":"Module._load","line":1023,"method":"_load","native":false},{"column":12,"file":"node:internal/modules/run_main","function":"Function.executeUserEntryPoint [as runMain]","line":135,"method":"executeUserEntryPoint [as runMain]","native":false},{"column":14,"file":"C:\\Users\\Viktor\\Desktop\\Interest-app-backend\\users-ms\\node_modules\\ts-node\\src\\bin.ts","function":"phase4","line":649,"method":null,"native":false},{"column":10,"file":"C:\\Users\\Viktor\\Desktop\\Interest-app-backend\\users-ms\\node_modules\\ts-node\\src\\bin.ts","function":"bootstrap","line":95,"method":null,"native":false}]}
{"date":"Wed Mar 20 2024 03:23:45 GMT+0100 (centraleuropeisk normaltid)","error":{},"exception":true,"level":"error","message":"uncaughtException: Cannot read properties of undefined (reading 'basename')\nTypeError: Cannot read properties of undefined (reading 'basename')\n    at Object.<anonymous> (C:\\Users\\Viktor\\Desktop\\Interest-app-backend\\users-ms\\index.ts:10:23)\n    at Module._compile (node:internal/modules/cjs/loader:1376:14)\n    at Module.m._compile (C:\\Users\\Viktor\\Desktop\\Interest-app-backend\\users-ms\\node_modules\\ts-node\\src\\index.ts:1618:23)\n    at Module._extensions..js (node:internal/modules/cjs/loader:1435:10)\n    at Object.require.extensions.<computed> [as .ts] (C:\\Users\\Viktor\\Desktop\\Interest-app-backend\\users-ms\\node_modules\\ts-node\\src\\index.ts:1621:12)\n    at Module.load (node:internal/modules/cjs/loader:1207:32)\n    at Function.Module._load (node:internal/modules/cjs/loader:1023:12)\n    at Function.executeUserEntryPoint [as runMain] (node:internal/modules/run_main:135:12)\n    at phase4 (C:\\Users\\Viktor\\Desktop\\Interest-app-backend\\users-ms\\node_modules\\ts-node\\src\\bin.ts:649:14)\n    at bootstrap (C:\\Users\\Viktor\\Desktop\\Interest-app-backend\\users-ms\\node_modules\\ts-node\\src\\bin.ts:95:10)","os":{"loadavg":[0,0,0],"uptime":1591696.625},"process":{"argv":["C:\\Users\\Viktor\\Desktop\\Interest-app-backend\\users-ms\\node_modules\\ts-node\\dist\\bin.js","C:\\Users\\Viktor\\Desktop\\Interest-app-backend\\users-ms\\index.ts"],"cwd":"C:\\Users\\Viktor\\Desktop\\Interest-app-backend\\users-ms","execPath":"C:\\Users\\Viktor\\.nvm\\versions\\node\\v21.3.0\\bin\\node.exe","gid":null,"memoryUsage":{"arrayBuffers":2492367,"external":5446641,"heapTotal":76046336,"heapUsed":44326144,"rss":95141888},"pid":9060,"uid":null,"version":"v21.3.0"},"stack":"TypeError: Cannot read properties of undefined (reading 'basename')\n    at Object.<anonymous> (C:\\Users\\Viktor\\Desktop\\Interest-app-backend\\users-ms\\index.ts:10:23)\n    at Module._compile (node:internal/modules/cjs/loader:1376:14)\n    at Module.m._compile (C:\\Users\\Viktor\\Desktop\\Interest-app-backend\\users-ms\\node_modules\\ts-node\\src\\index.ts:1618:23)\n    at Module._extensions..js (node:internal/modules/cjs/loader:1435:10)\n    at Object.require.extensions.<computed> [as .ts] (C:\\Users\\Viktor\\Desktop\\Interest-app-backend\\users-ms\\node_modules\\ts-node\\src\\index.ts:1621:12)\n    at Module.load (node:internal/modules/cjs/loader:1207:32)\n    at Function.Module._load (node:internal/modules/cjs/loader:1023:12)\n    at Function.executeUserEntryPoint [as runMain] (node:internal/modules/run_main:135:12)\n    at phase4 (C:\\Users\\Viktor\\Desktop\\Interest-app-backend\\users-ms\\node_modules\\ts-node\\src\\bin.ts:649:14)\n    at bootstrap (C:\\Users\\Viktor\\Desktop\\Interest-app-backend\\users-ms\\node_modules\\ts-node\\src\\bin.ts:95:10)","timestamp":"2024-03-20 03:23:45","trace":[{"column":23,"file":"C:\\Users\\Viktor\\Desktop\\Interest-app-backend\\users-ms\\index.ts","function":null,"line":10,"method":null,"native":false},{"column":14,"file":"node:internal/modules/cjs/loader","function":"Module._compile","line":1376,"method":"_compile","native":false},{"column":23,"file":"C:\\Users\\Viktor\\Desktop\\Interest-app-backend\\users-ms\\node_modules\\ts-node\\src\\index.ts","function":"Module.m._compile","line":1618,"method":"_compile","native":false},{"column":10,"file":"node:internal/modules/cjs/loader","function":"Module._extensions..js","line":1435,"method":".js","native":false},{"column":12,"file":"C:\\Users\\Viktor\\Desktop\\Interest-app-backend\\users-ms\\node_modules\\ts-node\\src\\index.ts","function":"Object.require.extensions.<computed> [as .ts]","line":1621,"method":"ts]","native":false},{"column":32,"file":"node:internal/modules/cjs/loader","function":"Module.load","line":1207,"method":"load","native":false},{"column":12,"file":"node:internal/modules/cjs/loader","function":"Module._load","line":1023,"method":"_load","native":false},{"column":12,"file":"node:internal/modules/run_main","function":"Function.executeUserEntryPoint [as runMain]","line":135,"method":"executeUserEntryPoint [as runMain]","native":false},{"column":14,"file":"C:\\Users\\Viktor\\Desktop\\Interest-app-backend\\users-ms\\node_modules\\ts-node\\src\\bin.ts","function":"phase4","line":649,"method":null,"native":false},{"column":10,"file":"C:\\Users\\Viktor\\Desktop\\Interest-app-backend\\users-ms\\node_modules\\ts-node\\src\\bin.ts","function":"bootstrap","line":95,"method":null,"native":false}]}
{"date":"Wed Mar 20 2024 03:23:51 GMT+0100 (centraleuropeisk normaltid)","error":{},"exception":true,"level":"error","message":"uncaughtException: Cannot read properties of undefined (reading 'basename')\nTypeError: Cannot read properties of undefined (reading 'basename')\n    at Object.<anonymous> (C:\\Users\\Viktor\\Desktop\\Interest-app-backend\\users-ms\\index.ts:10:23)\n    at Module._compile (node:internal/modules/cjs/loader:1376:14)\n    at Module.m._compile (C:\\Users\\Viktor\\Desktop\\Interest-app-backend\\users-ms\\node_modules\\ts-node\\src\\index.ts:1618:23)\n    at Module._extensions..js (node:internal/modules/cjs/loader:1435:10)\n    at Object.require.extensions.<computed> [as .ts] (C:\\Users\\Viktor\\Desktop\\Interest-app-backend\\users-ms\\node_modules\\ts-node\\src\\index.ts:1621:12)\n    at Module.load (node:internal/modules/cjs/loader:1207:32)\n    at Function.Module._load (node:internal/modules/cjs/loader:1023:12)\n    at Function.executeUserEntryPoint [as runMain] (node:internal/modules/run_main:135:12)\n    at phase4 (C:\\Users\\Viktor\\Desktop\\Interest-app-backend\\users-ms\\node_modules\\ts-node\\src\\bin.ts:649:14)\n    at bootstrap (C:\\Users\\Viktor\\Desktop\\Interest-app-backend\\users-ms\\node_modules\\ts-node\\src\\bin.ts:95:10)","os":{"loadavg":[0,0,0],"uptime":1591701.828},"process":{"argv":["C:\\Users\\Viktor\\Desktop\\Interest-app-backend\\users-ms\\node_modules\\ts-node\\dist\\bin.js","C:\\Users\\Viktor\\Desktop\\Interest-app-backend\\users-ms\\index.ts"],"cwd":"C:\\Users\\Viktor\\Desktop\\Interest-app-backend\\users-ms","execPath":"C:\\Users\\Viktor\\.nvm\\versions\\node\\v21.3.0\\bin\\node.exe","gid":null,"memoryUsage":{"arrayBuffers":2492255,"external":5446529,"heapTotal":76046336,"heapUsed":44289472,"rss":94875648},"pid":14840,"uid":null,"version":"v21.3.0"},"stack":"TypeError: Cannot read properties of undefined (reading 'basename')\n    at Object.<anonymous> (C:\\Users\\Viktor\\Desktop\\Interest-app-backend\\users-ms\\index.ts:10:23)\n    at Module._compile (node:internal/modules/cjs/loader:1376:14)\n    at Module.m._compile (C:\\Users\\Viktor\\Desktop\\Interest-app-backend\\users-ms\\node_modules\\ts-node\\src\\index.ts:1618:23)\n    at Module._extensions..js (node:internal/modules/cjs/loader:1435:10)\n    at Object.require.extensions.<computed> [as .ts] (C:\\Users\\Viktor\\Desktop\\Interest-app-backend\\users-ms\\node_modules\\ts-node\\src\\index.ts:1621:12)\n    at Module.load (node:internal/modules/cjs/loader:1207:32)\n    at Function.Module._load (node:internal/modules/cjs/loader:1023:12)\n    at Function.executeUserEntryPoint [as runMain] (node:internal/modules/run_main:135:12)\n    at phase4 (C:\\Users\\Viktor\\Desktop\\Interest-app-backend\\users-ms\\node_modules\\ts-node\\src\\bin.ts:649:14)\n    at bootstrap (C:\\Users\\Viktor\\Desktop\\Interest-app-backend\\users-ms\\node_modules\\ts-node\\src\\bin.ts:95:10)","timestamp":"2024-03-20 03:23:51","trace":[{"column":23,"file":"C:\\Users\\Viktor\\Desktop\\Interest-app-backend\\users-ms\\index.ts","function":null,"line":10,"method":null,"native":false},{"column":14,"file":"node:internal/modules/cjs/loader","function":"Module._compile","line":1376,"method":"_compile","native":false},{"column":23,"file":"C:\\Users\\Viktor\\Desktop\\Interest-app-backend\\users-ms\\node_modules\\ts-node\\src\\index.ts","function":"Module.m._compile","line":1618,"method":"_compile","native":false},{"column":10,"file":"node:internal/modules/cjs/loader","function":"Module._extensions..js","line":1435,"method":".js","native":false},{"column":12,"file":"C:\\Users\\Viktor\\Desktop\\Interest-app-backend\\users-ms\\node_modules\\ts-node\\src\\index.ts","function":"Object.require.extensions.<computed> [as .ts]","line":1621,"method":"ts]","native":false},{"column":32,"file":"node:internal/modules/cjs/loader","function":"Module.load","line":1207,"method":"load","native":false},{"column":12,"file":"node:internal/modules/cjs/loader","function":"Module._load","line":1023,"method":"_load","native":false},{"column":12,"file":"node:internal/modules/run_main","function":"Function.executeUserEntryPoint [as runMain]","line":135,"method":"executeUserEntryPoint [as runMain]","native":false},{"column":14,"file":"C:\\Users\\Viktor\\Desktop\\Interest-app-backend\\users-ms\\node_modules\\ts-node\\src\\bin.ts","function":"phase4","line":649,"method":null,"native":false},{"column":10,"file":"C:\\Users\\Viktor\\Desktop\\Interest-app-backend\\users-ms\\node_modules\\ts-node\\src\\bin.ts","function":"bootstrap","line":95,"method":null,"native":false}]}
{"level":"error","message":"[index.ts] Caught exception: TypeError: (0 , express_1.default) is not a function","timestamp":"2024-03-20 03:29:52"}
{"level":"error","message":"[index.ts] Caught exception: ReferenceError: lo is not defined","timestamp":"2024-03-20 04:22:22"}
{"level":"error","message":"[index.ts] Caught exception: ReferenceError: N is not defined","timestamp":"2024-03-20 04:34:47"}
{"level":"error","message":"[index.ts] Caught exception: ReferenceError: db_uri is not defined","timestamp":"2024-03-20 04:35:50"}
{"level":"error","message":"[USERS_MS] MongoDB connection error: MongoInvalidArgumentError: Database names cannot contain the character '.'","timestamp":"2024-03-20 04:40:46"}
{"date":"Wed Mar 20 2024 05:20:03 GMT+0100 (centraleuropeisk normaltid)","error":{"code":"ERR_HTTP_HEADERS_SENT"},"exception":true,"level":"error","message":"uncaughtException: Cannot set headers after they are sent to the client\nError: Cannot set headers after they are sent to the client\n    at ServerResponse.setHeader (node:_http_outgoing:696:11)\n    at ServerResponse.header (C:\\Users\\Viktor\\Desktop\\Interest-app-backend\\users-ms\\node_modules\\express\\lib\\response.js:794:10)\n    at ServerResponse.send (C:\\Users\\Viktor\\Desktop\\Interest-app-backend\\users-ms\\node_modules\\express\\lib\\response.js:174:12)\n    at ServerResponse.json (C:\\Users\\Viktor\\Desktop\\Interest-app-backend\\users-ms\\node_modules\\express\\lib\\response.js:278:15)\n    at C:\\Users\\Viktor\\Desktop\\Interest-app-backend\\users-ms\\routes\\register\\index.ts:31:29\n    at Generator.throw (<anonymous>)\n    at rejected (C:\\Users\\Viktor\\Desktop\\Interest-app-backend\\users-ms\\routes\\register\\index.ts:6:65)\n    at processTicksAndRejections (node:internal/process/task_queues:95:5)","os":{"loadavg":[0,0,0],"uptime":1598674.187},"process":{"argv":["C:\\Users\\Viktor\\Desktop\\Interest-app-backend\\users-ms\\node_modules\\ts-node\\dist\\bin.js","C:\\Users\\Viktor\\Desktop\\Interest-app-backend\\users-ms\\index.ts"],"cwd":"C:\\Users\\Viktor\\Desktop\\Interest-app-backend\\users-ms","execPath":"C:\\Users\\Viktor\\.nvm\\versions\\node\\v21.3.0\\bin\\node.exe","gid":null,"memoryUsage":{"arrayBuffers":20754498,"external":23839377,"heapTotal":94867456,"heapUsed":63897320,"rss":134066176},"pid":14548,"uid":null,"version":"v21.3.0"},"stack":"Error: Cannot set headers after they are sent to the client\n    at ServerResponse.setHeader (node:_http_outgoing:696:11)\n    at ServerResponse.header (C:\\Users\\Viktor\\Desktop\\Interest-app-backend\\users-ms\\node_modules\\express\\lib\\response.js:794:10)\n    at ServerResponse.send (C:\\Users\\Viktor\\Desktop\\Interest-app-backend\\users-ms\\node_modules\\express\\lib\\response.js:174:12)\n    at ServerResponse.json (C:\\Users\\Viktor\\Desktop\\Interest-app-backend\\users-ms\\node_modules\\express\\lib\\response.js:278:15)\n    at C:\\Users\\Viktor\\Desktop\\Interest-app-backend\\users-ms\\routes\\register\\index.ts:31:29\n    at Generator.throw (<anonymous>)\n    at rejected (C:\\Users\\Viktor\\Desktop\\Interest-app-backend\\users-ms\\routes\\register\\index.ts:6:65)\n    at processTicksAndRejections (node:internal/process/task_queues:95:5)","timestamp":"2024-03-20 05:20:03","trace":[{"column":11,"file":"node:_http_outgoing","function":"ServerResponse.setHeader","line":696,"method":"setHeader","native":false},{"column":10,"file":"C:\\Users\\Viktor\\Desktop\\Interest-app-backend\\users-ms\\node_modules\\express\\lib\\response.js","function":"ServerResponse.header","line":794,"method":"header","native":false},{"column":12,"file":"C:\\Users\\Viktor\\Desktop\\Interest-app-backend\\users-ms\\node_modules\\express\\lib\\response.js","function":"ServerResponse.send","line":174,"method":"send","native":false},{"column":15,"file":"C:\\Users\\Viktor\\Desktop\\Interest-app-backend\\users-ms\\node_modules\\express\\lib\\response.js","function":"ServerResponse.json","line":278,"method":"json","native":false},{"column":29,"file":"C:\\Users\\Viktor\\Desktop\\Interest-app-backend\\users-ms\\routes\\register\\index.ts","function":null,"line":31,"method":null,"native":false},{"column":null,"file":null,"function":"Generator.throw","line":null,"method":"throw","native":false},{"column":65,"file":"C:\\Users\\Viktor\\Desktop\\Interest-app-backend\\users-ms\\routes\\register\\index.ts","function":"rejected","line":6,"method":null,"native":false},{"column":5,"file":"node:internal/process/task_queues","function":"processTicksAndRejections","line":95,"method":null,"native":false}]}
{"level":"error","message":"[USERS_MS] MongoDB connection error: Error: Route.get() requires a callback function but got a [object Undefined]","timestamp":"2024-03-20 06:12:48"}
{"level":"error","message":"[USERS_MS] MongoDB connection error: ReferenceError: express is not defined","timestamp":"2024-03-21 22:28:17"}
{"level":"error","message":"[USERS_MS] MongoDB connection error: ReferenceError: express is not defined","timestamp":"2024-03-21 22:28:28"}
{"level":"error","message":"[USERS_MS] MongoDB connection error: ReferenceError: express is not defined","timestamp":"2024-03-21 22:28:29"}
{"level":"error","message":"[REGISTER USER] Password must contain at least one number, one uppercase letter, and be at least 6 characters long","timestamp":"2024-03-21 23:11:53"}
{"level":"error","message":"[REGISTER USER] Username or email already exists","timestamp":"2024-03-21 23:20:33"}
{"level":"error","message":"[REGISTER USER] Username or email already exists","timestamp":"2024-03-21 23:20:42"}
{"level":"error","message":"[REGISTER USER] Username or email already exists","timestamp":"2024-03-21 23:22:39"}
{"level":"error","message":"[REGISTER USER] Username or email already exists","timestamp":"2024-03-21 23:22:40"}
{"level":"error","message":"[REGISTER USER] Error during registration: Cannot read properties of undefined (reading 'length')","timestamp":"2024-03-21 23:22:44"}
{"level":"error","message":"[REGISTER USER] Error during registration: Cannot read properties of undefined (reading 'length')","timestamp":"2024-03-21 23:22:48"}
{"level":"error","message":"[REGISTER USER] Error during registration: Cannot read properties of undefined (reading 'length')","timestamp":"2024-03-21 23:22:49"}
{"level":"error","message":"[REGISTER USER] Error during registration: Cannot read properties of undefined (reading 'length')","timestamp":"2024-03-21 23:22:50"}
{"level":"error","message":"[REGISTER USER] Username or email already exists","timestamp":"2024-03-21 23:22:55"}
{"level":"error","message":"[REGISTER USER] Username or email already exists","timestamp":"2024-03-22 00:44:39"}
{"level":"error","message":"[REGISTER USER] Username or email already exists","timestamp":"2024-03-25 00:01:59"}
{"level":"error","message":"[REGISTER USER] Username or email already exists","timestamp":"2024-03-25 00:02:05"}
{"level":"error","message":"[REGISTER USER] Username or email already exists","timestamp":"2024-03-25 00:20:51"}
{"level":"error","message":"[REGISTER USER] Username or email already exists","timestamp":"2024-03-25 10:28:32"}
{"level":"error","message":"[REGISTER USER] Username or email already exists","timestamp":"2024-03-25 10:28:39"}
{"date":"Sat Mar 30 2024 02:09:11 GMT+0100 (centraleuropeisk normaltid)","error":{"code":"MODULE_NOT_FOUND","requireStack":["C:\\Users\\Viktor\\Desktop\\Interest-app-backend\\user-api\\users-ms\\routes\\index.ts","C:\\Users\\Viktor\\Desktop\\Interest-app-backend\\user-api\\users-ms\\controller\\index.ts","C:\\Users\\Viktor\\Desktop\\Interest-app-backend\\user-api\\users-ms\\initializers\\express\\index.ts","C:\\Users\\Viktor\\Desktop\\Interest-app-backend\\user-api\\users-ms\\index.ts"]},"exception":true,"level":"error","message":"uncaughtException: Cannot find module './refreshToken'\nRequire stack:\n- C:\\Users\\Viktor\\Desktop\\Interest-app-backend\\user-api\\users-ms\\routes\\index.ts\n- C:\\Users\\Viktor\\Desktop\\Interest-app-backend\\user-api\\users-ms\\controller\\index.ts\n- C:\\Users\\Viktor\\Desktop\\Interest-app-backend\\user-api\\users-ms\\initializers\\express\\index.ts\n- C:\\Users\\Viktor\\Desktop\\Interest-app-backend\\user-api\\users-ms\\index.ts\nError: Cannot find module './refreshToken'\nRequire stack:\n- C:\\Users\\Viktor\\Desktop\\Interest-app-backend\\user-api\\users-ms\\routes\\index.ts\n- C:\\Users\\Viktor\\Desktop\\Interest-app-backend\\user-api\\users-ms\\controller\\index.ts\n- C:\\Users\\Viktor\\Desktop\\Interest-app-backend\\user-api\\users-ms\\initializers\\express\\index.ts\n- C:\\Users\\Viktor\\Desktop\\Interest-app-backend\\user-api\\users-ms\\index.ts\n    at Function.Module._resolveFilename (node:internal/modules/cjs/loader:1144:15)\n    at Function.Module._resolveFilename.sharedData.moduleResolveFilenameHook.installedValue [as _resolveFilename] (C:\\Users\\Viktor\\Desktop\\Interest-app-backend\\user-api\\users-ms\\node_modules\\@cspotcode\\source-map-support\\source-map-support.js:811:30)\n    at Function.Module._load (node:internal/modules/cjs/loader:985:27)\n    at Module.require (node:internal/modules/cjs/loader:1235:19)\n    at require (node:internal/modules/helpers:176:18)\n    at Object.<anonymous> (C:\\Users\\Viktor\\Desktop\\Interest-app-backend\\user-api\\users-ms\\routes\\index.ts:7:1)\n    at Module._compile (node:internal/modules/cjs/loader:1376:14)\n    at Module.m._compile (C:\\Users\\Viktor\\Desktop\\Interest-app-backend\\user-api\\users-ms\\node_modules\\ts-node\\src\\index.ts:1618:23)\n    at Module._extensions..js (node:internal/modules/cjs/loader:1435:10)\n    at Object.require.extensions.<computed> [as .ts] (C:\\Users\\Viktor\\Desktop\\Interest-app-backend\\user-api\\users-ms\\node_modules\\ts-node\\src\\index.ts:1621:12)","os":{"loadavg":[0,0,0],"uptime":7566.562},"process":{"argv":["C:\\Users\\Viktor\\Desktop\\Interest-app-backend\\user-api\\users-ms\\node_modules\\ts-node\\dist\\bin.js","C:\\Users\\Viktor\\Desktop\\Interest-app-backend\\user-api\\users-ms\\index.ts"],"cwd":"C:\\Users\\Viktor\\Desktop\\Interest-app-backend\\user-api\\users-ms","execPath":"C:\\Users\\Viktor\\.nvm\\versions\\node\\v21.3.0\\bin\\node.exe","gid":null,"memoryUsage":{"arrayBuffers":20758896,"external":23824598,"heapTotal":87683072,"heapUsed":68467368,"rss":127602688},"pid":16296,"uid":null,"version":"v21.3.0"},"stack":"Error: Cannot find module './refreshToken'\nRequire stack:\n- C:\\Users\\Viktor\\Desktop\\Interest-app-backend\\user-api\\users-ms\\routes\\index.ts\n- C:\\Users\\Viktor\\Desktop\\Interest-app-backend\\user-api\\users-ms\\controller\\index.ts\n- C:\\Users\\Viktor\\Desktop\\Interest-app-backend\\user-api\\users-ms\\initializers\\express\\index.ts\n- C:\\Users\\Viktor\\Desktop\\Interest-app-backend\\user-api\\users-ms\\index.ts\n    at Function.Module._resolveFilename (node:internal/modules/cjs/loader:1144:15)\n    at Function.Module._resolveFilename.sharedData.moduleResolveFilenameHook.installedValue [as _resolveFilename] (C:\\Users\\Viktor\\Desktop\\Interest-app-backend\\user-api\\users-ms\\node_modules\\@cspotcode\\source-map-support\\source-map-support.js:811:30)\n    at Function.Module._load (node:internal/modules/cjs/loader:985:27)\n    at Module.require (node:internal/modules/cjs/loader:1235:19)\n    at require (node:internal/modules/helpers:176:18)\n    at Object.<anonymous> (C:\\Users\\Viktor\\Desktop\\Interest-app-backend\\user-api\\users-ms\\routes\\index.ts:7:1)\n    at Module._compile (node:internal/modules/cjs/loader:1376:14)\n    at Module.m._compile (C:\\Users\\Viktor\\Desktop\\Interest-app-backend\\user-api\\users-ms\\node_modules\\ts-node\\src\\index.ts:1618:23)\n    at Module._extensions..js (node:internal/modules/cjs/loader:1435:10)\n    at Object.require.extensions.<computed> [as .ts] (C:\\Users\\Viktor\\Desktop\\Interest-app-backend\\user-api\\users-ms\\node_modules\\ts-node\\src\\index.ts:1621:12)","timestamp":"2024-03-30 02:09:11","trace":[{"column":15,"file":"node:internal/modules/cjs/loader","function":"Module._resolveFilename","line":1144,"method":"_resolveFilename","native":false},{"column":30,"file":"C:\\Users\\Viktor\\Desktop\\Interest-app-backend\\user-api\\users-ms\\node_modules\\@cspotcode\\source-map-support\\source-map-support.js","function":"Module._resolveFilename.sharedData.moduleResolveFilenameHook.installedValue [as _resolveFilename]","line":811,"method":"installedValue [as _resolveFilename]","native":false},{"column":27,"file":"node:internal/modules/cjs/loader","function":"Module._load","line":985,"method":"_load","native":false},{"column":19,"file":"node:internal/modules/cjs/loader","function":"Module.require","line":1235,"method":"require","native":false},{"column":18,"file":"node:internal/modules/helpers","function":"require","line":176,"method":null,"native":false},{"column":1,"file":"C:\\Users\\Viktor\\Desktop\\Interest-app-backend\\user-api\\users-ms\\routes\\index.ts","function":null,"line":7,"method":null,"native":false},{"column":14,"file":"node:internal/modules/cjs/loader","function":"Module._compile","line":1376,"method":"_compile","native":false},{"column":23,"file":"C:\\Users\\Viktor\\Desktop\\Interest-app-backend\\user-api\\users-ms\\node_modules\\ts-node\\src\\index.ts","function":"Module.m._compile","line":1618,"method":"_compile","native":false},{"column":10,"file":"node:internal/modules/cjs/loader","function":"Module._extensions..js","line":1435,"method":".js","native":false},{"column":12,"file":"C:\\Users\\Viktor\\Desktop\\Interest-app-backend\\user-api\\users-ms\\node_modules\\ts-node\\src\\index.ts","function":"Object.require.extensions.<computed> [as .ts]","line":1621,"method":"ts]","native":false}]}
{"date":"Sat Mar 30 2024 02:28:02 GMT+0100 (centraleuropeisk normaltid)","error":{"code":"MODULE_NOT_FOUND","requireStack":["C:\\Users\\Viktor\\Desktop\\Interest-app-backend\\user-api\\users-ms\\routes\\index.ts","C:\\Users\\Viktor\\Desktop\\Interest-app-backend\\user-api\\users-ms\\controller\\index.ts","C:\\Users\\Viktor\\Desktop\\Interest-app-backend\\user-api\\users-ms\\initializers\\express\\index.ts","C:\\Users\\Viktor\\Desktop\\Interest-app-backend\\user-api\\users-ms\\index.ts"]},"exception":true,"level":"error","message":"uncaughtException: Cannot find module './refreshToken'\nRequire stack:\n- C:\\Users\\Viktor\\Desktop\\Interest-app-backend\\user-api\\users-ms\\routes\\index.ts\n- C:\\Users\\Viktor\\Desktop\\Interest-app-backend\\user-api\\users-ms\\controller\\index.ts\n- C:\\Users\\Viktor\\Desktop\\Interest-app-backend\\user-api\\users-ms\\initializers\\express\\index.ts\n- C:\\Users\\Viktor\\Desktop\\Interest-app-backend\\user-api\\users-ms\\index.ts\nError: Cannot find module './refreshToken'\nRequire stack:\n- C:\\Users\\Viktor\\Desktop\\Interest-app-backend\\user-api\\users-ms\\routes\\index.ts\n- C:\\Users\\Viktor\\Desktop\\Interest-app-backend\\user-api\\users-ms\\controller\\index.ts\n- C:\\Users\\Viktor\\Desktop\\Interest-app-backend\\user-api\\users-ms\\initializers\\express\\index.ts\n- C:\\Users\\Viktor\\Desktop\\Interest-app-backend\\user-api\\users-ms\\index.ts\n    at Function.Module._resolveFilename (node:internal/modules/cjs/loader:1144:15)\n    at Function.Module._resolveFilename.sharedData.moduleResolveFilenameHook.installedValue [as _resolveFilename] (C:\\Users\\Viktor\\Desktop\\Interest-app-backend\\user-api\\users-ms\\node_modules\\@cspotcode\\source-map-support\\source-map-support.js:811:30)\n    at Function.Module._load (node:internal/modules/cjs/loader:985:27)\n    at Module.require (node:internal/modules/cjs/loader:1235:19)\n    at require (node:internal/modules/helpers:176:18)\n    at Object.<anonymous> (C:\\Users\\Viktor\\Desktop\\Interest-app-backend\\user-api\\users-ms\\routes\\index.ts:7:1)\n    at Module._compile (node:internal/modules/cjs/loader:1376:14)\n    at Module.m._compile (C:\\Users\\Viktor\\Desktop\\Interest-app-backend\\user-api\\users-ms\\node_modules\\ts-node\\src\\index.ts:1618:23)\n    at Module._extensions..js (node:internal/modules/cjs/loader:1435:10)\n    at Object.require.extensions.<computed> [as .ts] (C:\\Users\\Viktor\\Desktop\\Interest-app-backend\\user-api\\users-ms\\node_modules\\ts-node\\src\\index.ts:1621:12)","os":{"loadavg":[0,0,0],"uptime":8697.5},"process":{"argv":["C:\\Users\\Viktor\\Desktop\\Interest-app-backend\\user-api\\users-ms\\node_modules\\ts-node\\dist\\bin.js","C:\\Users\\Viktor\\Desktop\\Interest-app-backend\\user-api\\users-ms\\index.ts"],"cwd":"C:\\Users\\Viktor\\Desktop\\Interest-app-backend\\user-api\\users-ms","execPath":"C:\\Users\\Viktor\\.nvm\\versions\\node\\v21.3.0\\bin\\node.exe","gid":null,"memoryUsage":{"arrayBuffers":20758832,"external":23824534,"heapTotal":87420928,"heapUsed":69184048,"rss":130142208},"pid":22116,"uid":null,"version":"v21.3.0"},"stack":"Error: Cannot find module './refreshToken'\nRequire stack:\n- C:\\Users\\Viktor\\Desktop\\Interest-app-backend\\user-api\\users-ms\\routes\\index.ts\n- C:\\Users\\Viktor\\Desktop\\Interest-app-backend\\user-api\\users-ms\\controller\\index.ts\n- C:\\Users\\Viktor\\Desktop\\Interest-app-backend\\user-api\\users-ms\\initializers\\express\\index.ts\n- C:\\Users\\Viktor\\Desktop\\Interest-app-backend\\user-api\\users-ms\\index.ts\n    at Function.Module._resolveFilename (node:internal/modules/cjs/loader:1144:15)\n    at Function.Module._resolveFilename.sharedData.moduleResolveFilenameHook.installedValue [as _resolveFilename] (C:\\Users\\Viktor\\Desktop\\Interest-app-backend\\user-api\\users-ms\\node_modules\\@cspotcode\\source-map-support\\source-map-support.js:811:30)\n    at Function.Module._load (node:internal/modules/cjs/loader:985:27)\n    at Module.require (node:internal/modules/cjs/loader:1235:19)\n    at require (node:internal/modules/helpers:176:18)\n    at Object.<anonymous> (C:\\Users\\Viktor\\Desktop\\Interest-app-backend\\user-api\\users-ms\\routes\\index.ts:7:1)\n    at Module._compile (node:internal/modules/cjs/loader:1376:14)\n    at Module.m._compile (C:\\Users\\Viktor\\Desktop\\Interest-app-backend\\user-api\\users-ms\\node_modules\\ts-node\\src\\index.ts:1618:23)\n    at Module._extensions..js (node:internal/modules/cjs/loader:1435:10)\n    at Object.require.extensions.<computed> [as .ts] (C:\\Users\\Viktor\\Desktop\\Interest-app-backend\\user-api\\users-ms\\node_modules\\ts-node\\src\\index.ts:1621:12)","timestamp":"2024-03-30 02:28:02","trace":[{"column":15,"file":"node:internal/modules/cjs/loader","function":"Module._resolveFilename","line":1144,"method":"_resolveFilename","native":false},{"column":30,"file":"C:\\Users\\Viktor\\Desktop\\Interest-app-backend\\user-api\\users-ms\\node_modules\\@cspotcode\\source-map-support\\source-map-support.js","function":"Module._resolveFilename.sharedData.moduleResolveFilenameHook.installedValue [as _resolveFilename]","line":811,"method":"installedValue [as _resolveFilename]","native":false},{"column":27,"file":"node:internal/modules/cjs/loader","function":"Module._load","line":985,"method":"_load","native":false},{"column":19,"file":"node:internal/modules/cjs/loader","function":"Module.require","line":1235,"method":"require","native":false},{"column":18,"file":"node:internal/modules/helpers","function":"require","line":176,"method":null,"native":false},{"column":1,"file":"C:\\Users\\Viktor\\Desktop\\Interest-app-backend\\user-api\\users-ms\\routes\\index.ts","function":null,"line":7,"method":null,"native":false},{"column":14,"file":"node:internal/modules/cjs/loader","function":"Module._compile","line":1376,"method":"_compile","native":false},{"column":23,"file":"C:\\Users\\Viktor\\Desktop\\Interest-app-backend\\user-api\\users-ms\\node_modules\\ts-node\\src\\index.ts","function":"Module.m._compile","line":1618,"method":"_compile","native":false},{"column":10,"file":"node:internal/modules/cjs/loader","function":"Module._extensions..js","line":1435,"method":".js","native":false},{"column":12,"file":"C:\\Users\\Viktor\\Desktop\\Interest-app-backend\\user-api\\users-ms\\node_modules\\ts-node\\src\\index.ts","function":"Object.require.extensions.<computed> [as .ts]","line":1621,"method":"ts]","native":false}]}
{"date":"Sat Mar 30 2024 02:29:51 GMT+0100 (centraleuropeisk normaltid)","error":{},"exception":true,"level":"error","message":"uncaughtException: createRefreshToken is not defined\nReferenceError: createRefreshToken is not defined\n    at Object.<anonymous> (C:\\Users\\Viktor\\Desktop\\Interest-app-backend\\user-api\\users-ms\\routes\\index.ts:21:17)\n    at Module._compile (node:internal/modules/cjs/loader:1376:14)\n    at Module.m._compile (C:\\Users\\Viktor\\Desktop\\Interest-app-backend\\user-api\\users-ms\\node_modules\\ts-node\\src\\index.ts:1618:23)\n    at Module._extensions..js (node:internal/modules/cjs/loader:1435:10)\n    at Object.require.extensions.<computed> [as .ts] (C:\\Users\\Viktor\\Desktop\\Interest-app-backend\\user-api\\users-ms\\node_modules\\ts-node\\src\\index.ts:1621:12)\n    at Module.load (node:internal/modules/cjs/loader:1207:32)\n    at Function.Module._load (node:internal/modules/cjs/loader:1023:12)\n    at Module.require (node:internal/modules/cjs/loader:1235:19)\n    at require (node:internal/modules/helpers:176:18)\n    at Object.<anonymous> (C:\\Users\\Viktor\\Desktop\\Interest-app-backend\\user-api\\users-ms\\controller\\index.ts:3:1)","os":{"loadavg":[0,0,0],"uptime":8806.156},"process":{"argv":["C:\\Users\\Viktor\\Desktop\\Interest-app-backend\\user-api\\users-ms\\node_modules\\ts-node\\dist\\bin.js","C:\\Users\\Viktor\\Desktop\\Interest-app-backend\\user-api\\users-ms\\index.ts"],"cwd":"C:\\Users\\Viktor\\Desktop\\Interest-app-backend\\user-api\\users-ms","execPath":"C:\\Users\\Viktor\\.nvm\\versions\\node\\v21.3.0\\bin\\node.exe","gid":null,"memoryUsage":{"arrayBuffers":20764866,"external":23830568,"heapTotal":87420928,"heapUsed":68417744,"rss":130588672},"pid":18288,"uid":null,"version":"v21.3.0"},"stack":"ReferenceError: createRefreshToken is not defined\n    at Object.<anonymous> (C:\\Users\\Viktor\\Desktop\\Interest-app-backend\\user-api\\users-ms\\routes\\index.ts:21:17)\n    at Module._compile (node:internal/modules/cjs/loader:1376:14)\n    at Module.m._compile (C:\\Users\\Viktor\\Desktop\\Interest-app-backend\\user-api\\users-ms\\node_modules\\ts-node\\src\\index.ts:1618:23)\n    at Module._extensions..js (node:internal/modules/cjs/loader:1435:10)\n    at Object.require.extensions.<computed> [as .ts] (C:\\Users\\Viktor\\Desktop\\Interest-app-backend\\user-api\\users-ms\\node_modules\\ts-node\\src\\index.ts:1621:12)\n    at Module.load (node:internal/modules/cjs/loader:1207:32)\n    at Function.Module._load (node:internal/modules/cjs/loader:1023:12)\n    at Module.require (node:internal/modules/cjs/loader:1235:19)\n    at require (node:internal/modules/helpers:176:18)\n    at Object.<anonymous> (C:\\Users\\Viktor\\Desktop\\Interest-app-backend\\user-api\\users-ms\\controller\\index.ts:3:1)","timestamp":"2024-03-30 02:29:51","trace":[{"column":17,"file":"C:\\Users\\Viktor\\Desktop\\Interest-app-backend\\user-api\\users-ms\\routes\\index.ts","function":null,"line":21,"method":null,"native":false},{"column":14,"file":"node:internal/modules/cjs/loader","function":"Module._compile","line":1376,"method":"_compile","native":false},{"column":23,"file":"C:\\Users\\Viktor\\Desktop\\Interest-app-backend\\user-api\\users-ms\\node_modules\\ts-node\\src\\index.ts","function":"Module.m._compile","line":1618,"method":"_compile","native":false},{"column":10,"file":"node:internal/modules/cjs/loader","function":"Module._extensions..js","line":1435,"method":".js","native":false},{"column":12,"file":"C:\\Users\\Viktor\\Desktop\\Interest-app-backend\\user-api\\users-ms\\node_modules\\ts-node\\src\\index.ts","function":"Object.require.extensions.<computed> [as .ts]","line":1621,"method":"ts]","native":false},{"column":32,"file":"node:internal/modules/cjs/loader","function":"Module.load","line":1207,"method":"load","native":false},{"column":12,"file":"node:internal/modules/cjs/loader","function":"Module._load","line":1023,"method":"_load","native":false},{"column":19,"file":"node:internal/modules/cjs/loader","function":"Module.require","line":1235,"method":"require","native":false},{"column":18,"file":"node:internal/modules/helpers","function":"require","line":176,"method":null,"native":false},{"column":1,"file":"C:\\Users\\Viktor\\Desktop\\Interest-app-backend\\user-api\\users-ms\\controller\\index.ts","function":null,"line":3,"method":null,"native":false}]}
{"date":"Sat Mar 30 2024 23:21:01 GMT+0100 (centraleuropeisk normaltid)","error":{"address":"127.0.0.1","code":"EADDRINUSE","errno":-4091,"port":3001,"syscall":"listen"},"exception":true,"level":"error","message":"uncaughtException: listen EADDRINUSE: address already in use 127.0.0.1:3001\nError: listen EADDRINUSE: address already in use 127.0.0.1:3001\n    at Server.setupListenHandle [as _listen2] (node:net:1872:16)\n    at listenInCluster (node:net:1920:12)\n    at doListen (node:net:2075:7)\n    at processTicksAndRejections (node:internal/process/task_queues:83:21)","os":{"loadavg":[0,0,0],"uptime":83874.562},"process":{"argv":["C:\\Users\\Viktor\\Desktop\\Interest-app-backend\\user-api\\users-ms\\node_modules\\ts-node\\dist\\bin.js","C:\\Users\\Viktor\\Desktop\\Interest-app-backend\\user-api\\users-ms\\index.ts"],"cwd":"C:\\Users\\Viktor\\Desktop\\Interest-app-backend\\user-api\\users-ms","execPath":"C:\\Users\\Viktor\\.nvm\\versions\\node\\v21.3.0\\bin\\node.exe","gid":null,"memoryUsage":{"arrayBuffers":20777032,"external":23861911,"heapTotal":94601216,"heapUsed":72197160,"rss":134414336},"pid":9276,"uid":null,"version":"v21.3.0"},"stack":"Error: listen EADDRINUSE: address already in use 127.0.0.1:3001\n    at Server.setupListenHandle [as _listen2] (node:net:1872:16)\n    at listenInCluster (node:net:1920:12)\n    at doListen (node:net:2075:7)\n    at processTicksAndRejections (node:internal/process/task_queues:83:21)","timestamp":"2024-03-30 23:21:01","trace":[{"column":16,"file":"node:net","function":"Server.setupListenHandle [as _listen2]","line":1872,"method":"setupListenHandle [as _listen2]","native":false},{"column":12,"file":"node:net","function":"listenInCluster","line":1920,"method":null,"native":false},{"column":7,"file":"node:net","function":"doListen","line":2075,"method":null,"native":false},{"column":21,"file":"node:internal/process/task_queues","function":"processTicksAndRejections","line":83,"method":null,"native":false}]}
{"date":"Sat Mar 30 2024 23:21:30 GMT+0100 (centraleuropeisk normaltid)","error":{"address":"127.0.0.1","code":"EADDRINUSE","errno":-4091,"port":3001,"syscall":"listen"},"exception":true,"level":"error","message":"uncaughtException: listen EADDRINUSE: address already in use 127.0.0.1:3001\nError: listen EADDRINUSE: address already in use 127.0.0.1:3001\n    at Server.setupListenHandle [as _listen2] (node:net:1872:16)\n    at listenInCluster (node:net:1920:12)\n    at doListen (node:net:2075:7)\n    at processTicksAndRejections (node:internal/process/task_queues:83:21)","os":{"loadavg":[0,0,0],"uptime":83903.015},"process":{"argv":["C:\\Users\\Viktor\\Desktop\\Interest-app-backend\\user-api\\users-ms\\node_modules\\ts-node\\dist\\bin.js","C:\\Users\\Viktor\\Desktop\\Interest-app-backend\\user-api\\users-ms\\index.ts"],"cwd":"C:\\Users\\Viktor\\Desktop\\Interest-app-backend\\user-api\\users-ms","execPath":"C:\\Users\\Viktor\\.nvm\\versions\\node\\v21.3.0\\bin\\node.exe","gid":null,"memoryUsage":{"arrayBuffers":20776968,"external":23861847,"heapTotal":94601216,"heapUsed":71915984,"rss":134033408},"pid":10780,"uid":null,"version":"v21.3.0"},"stack":"Error: listen EADDRINUSE: address already in use 127.0.0.1:3001\n    at Server.setupListenHandle [as _listen2] (node:net:1872:16)\n    at listenInCluster (node:net:1920:12)\n    at doListen (node:net:2075:7)\n    at processTicksAndRejections (node:internal/process/task_queues:83:21)","timestamp":"2024-03-30 23:21:30","trace":[{"column":16,"file":"node:net","function":"Server.setupListenHandle [as _listen2]","line":1872,"method":"setupListenHandle [as _listen2]","native":false},{"column":12,"file":"node:net","function":"listenInCluster","line":1920,"method":null,"native":false},{"column":7,"file":"node:net","function":"doListen","line":2075,"method":null,"native":false},{"column":21,"file":"node:internal/process/task_queues","function":"processTicksAndRejections","line":83,"method":null,"native":false}]}
{"date":"Sat Mar 30 2024 23:26:45 GMT+0100 (centraleuropeisk normaltid)","error":{"address":"127.0.0.1","code":"EADDRINUSE","errno":-4091,"port":3001,"syscall":"listen"},"exception":true,"level":"error","message":"uncaughtException: listen EADDRINUSE: address already in use 127.0.0.1:3001\nError: listen EADDRINUSE: address already in use 127.0.0.1:3001\n    at Server.setupListenHandle [as _listen2] (node:net:1872:16)\n    at listenInCluster (node:net:1920:12)\n    at doListen (node:net:2075:7)\n    at processTicksAndRejections (node:internal/process/task_queues:83:21)","os":{"loadavg":[0,0,0],"uptime":150.718},"process":{"argv":["C:\\Users\\Viktor\\Desktop\\Interest-app-backend\\user-api\\users-ms\\node_modules\\ts-node\\dist\\bin.js","C:\\Users\\Viktor\\Desktop\\Interest-app-backend\\user-api\\users-ms\\index.ts"],"cwd":"C:\\Users\\Viktor\\Desktop\\Interest-app-backend\\user-api\\users-ms","execPath":"C:\\Users\\Viktor\\.nvm\\versions\\node\\v21.3.0\\bin\\node.exe","gid":null,"memoryUsage":{"arrayBuffers":20777016,"external":23861895,"heapTotal":94601216,"heapUsed":71917816,"rss":135020544},"pid":10664,"uid":null,"version":"v21.3.0"},"stack":"Error: listen EADDRINUSE: address already in use 127.0.0.1:3001\n    at Server.setupListenHandle [as _listen2] (node:net:1872:16)\n    at listenInCluster (node:net:1920:12)\n    at doListen (node:net:2075:7)\n    at processTicksAndRejections (node:internal/process/task_queues:83:21)","timestamp":"2024-03-30 23:26:45","trace":[{"column":16,"file":"node:net","function":"Server.setupListenHandle [as _listen2]","line":1872,"method":"setupListenHandle [as _listen2]","native":false},{"column":12,"file":"node:net","function":"listenInCluster","line":1920,"method":null,"native":false},{"column":7,"file":"node:net","function":"doListen","line":2075,"method":null,"native":false},{"column":21,"file":"node:internal/process/task_queues","function":"processTicksAndRejections","line":83,"method":null,"native":false}]}
{"date":"Sat Mar 30 2024 23:27:55 GMT+0100 (centraleuropeisk normaltid)","error":{"address":"127.0.0.1","code":"EADDRINUSE","errno":-4091,"port":3001,"syscall":"listen"},"exception":true,"level":"error","message":"uncaughtException: listen EADDRINUSE: address already in use 127.0.0.1:3001\nError: listen EADDRINUSE: address already in use 127.0.0.1:3001\n    at Server.setupListenHandle [as _listen2] (node:net:1872:16)\n    at listenInCluster (node:net:1920:12)\n    at doListen (node:net:2075:7)\n    at processTicksAndRejections (node:internal/process/task_queues:83:21)","os":{"loadavg":[0,0,0],"uptime":220.875},"process":{"argv":["C:\\Users\\Viktor\\Desktop\\Interest-app-backend\\user-api\\users-ms\\node_modules\\ts-node\\dist\\bin.js","C:\\Users\\Viktor\\Desktop\\Interest-app-backend\\user-api\\users-ms\\index.ts"],"cwd":"C:\\Users\\Viktor\\Desktop\\Interest-app-backend\\user-api\\users-ms","execPath":"C:\\Users\\Viktor\\.nvm\\versions\\node\\v21.3.0\\bin\\node.exe","gid":null,"memoryUsage":{"arrayBuffers":20777104,"external":23861983,"heapTotal":94601216,"heapUsed":72155632,"rss":134696960},"pid":10208,"uid":null,"version":"v21.3.0"},"stack":"Error: listen EADDRINUSE: address already in use 127.0.0.1:3001\n    at Server.setupListenHandle [as _listen2] (node:net:1872:16)\n    at listenInCluster (node:net:1920:12)\n    at doListen (node:net:2075:7)\n    at processTicksAndRejections (node:internal/process/task_queues:83:21)","timestamp":"2024-03-30 23:27:55","trace":[{"column":16,"file":"node:net","function":"Server.setupListenHandle [as _listen2]","line":1872,"method":"setupListenHandle [as _listen2]","native":false},{"column":12,"file":"node:net","function":"listenInCluster","line":1920,"method":null,"native":false},{"column":7,"file":"node:net","function":"doListen","line":2075,"method":null,"native":false},{"column":21,"file":"node:internal/process/task_queues","function":"processTicksAndRejections","line":83,"method":null,"native":false}]}
{"date":"Sat Mar 30 2024 23:28:09 GMT+0100 (centraleuropeisk normaltid)","error":{"address":"127.0.0.1","code":"EADDRINUSE","errno":-4091,"port":3001,"syscall":"listen"},"exception":true,"level":"error","message":"uncaughtException: listen EADDRINUSE: address already in use 127.0.0.1:3001\nError: listen EADDRINUSE: address already in use 127.0.0.1:3001\n    at Server.setupListenHandle [as _listen2] (node:net:1872:16)\n    at listenInCluster (node:net:1920:12)\n    at doListen (node:net:2075:7)\n    at processTicksAndRejections (node:internal/process/task_queues:83:21)","os":{"loadavg":[0,0,0],"uptime":234.875},"process":{"argv":["C:\\Users\\Viktor\\Desktop\\Interest-app-backend\\user-api\\users-ms\\node_modules\\ts-node\\dist\\bin.js","C:\\Users\\Viktor\\Desktop\\Interest-app-backend\\user-api\\users-ms\\index.ts"],"cwd":"C:\\Users\\Viktor\\Desktop\\Interest-app-backend\\user-api\\users-ms","execPath":"C:\\Users\\Viktor\\.nvm\\versions\\node\\v21.3.0\\bin\\node.exe","gid":null,"memoryUsage":{"arrayBuffers":20777072,"external":23861951,"heapTotal":94601216,"heapUsed":72049656,"rss":134803456},"pid":2008,"uid":null,"version":"v21.3.0"},"stack":"Error: listen EADDRINUSE: address already in use 127.0.0.1:3001\n    at Server.setupListenHandle [as _listen2] (node:net:1872:16)\n    at listenInCluster (node:net:1920:12)\n    at doListen (node:net:2075:7)\n    at processTicksAndRejections (node:internal/process/task_queues:83:21)","timestamp":"2024-03-30 23:28:09","trace":[{"column":16,"file":"node:net","function":"Server.setupListenHandle [as _listen2]","line":1872,"method":"setupListenHandle [as _listen2]","native":false},{"column":12,"file":"node:net","function":"listenInCluster","line":1920,"method":null,"native":false},{"column":7,"file":"node:net","function":"doListen","line":2075,"method":null,"native":false},{"column":21,"file":"node:internal/process/task_queues","function":"processTicksAndRejections","line":83,"method":null,"native":false}]}
{"level":"error","message":"[REGISTER USER] Username or email already exists","timestamp":"2024-04-04 01:28:54"}
{"level":"error","message":"[REGISTER USER] Username or email already exists","timestamp":"2024-04-04 01:28:59"}
{"level":"error","message":"[USERS_MS] MongoDB connection error: MongooseServerSelectionError: connect ECONNREFUSED 127.0.0.1:27017","timestamp":"2024-05-11 22:52:13"}
{"level":"error","message":"[REGISTER USER] Error during registration: Cannot read properties of undefined (reading 'length')","timestamp":"2024-05-11 23:10:48"}
{"date":"Sat May 11 2024 23:52:09 GMT+0200 (centraleuropeisk sommartid)","error":{"diagnosticCodes":[1109,1005,1472,1005,1128,1434,1434,1005,1128,1434,1434,1434,1434,1160]},"exception":true,"level":"error","message":"uncaughtException:  Unable to compile TypeScript:\nroutes/update/index.ts(13,103): error TS1109: Expression expected.\r\nroutes/update/index.ts(13,118): error TS1005: ',' expected.\r\nroutes/update/index.ts(13,119): error TS1472: 'catch' or 'finally' expected.\r\nroutes/update/index.ts(16,35): error TS1005: ']' expected.\r\nroutes/update/index.ts(16,39): error TS1128: Declaration or statement expected.\r\nroutes/update/index.ts(16,41): error TS1434: Unexpected keyword or identifier.\r\nroutes/update/index.ts(16,55): error TS1434: Unexpected keyword or identifier.\r\nroutes/update/index.ts(35,35): error TS1005: ']' expected.\r\nroutes/update/index.ts(35,39): error TS1128: Declaration or statement expected.\r\nroutes/update/index.ts(35,41): error TS1434: Unexpected keyword or identifier.\r\nroutes/update/index.ts(35,47): error TS1434: Unexpected keyword or identifier.\r\nroutes/update/index.ts(35,54): error TS1434: Unexpected keyword or identifier.\r\nroutes/update/index.ts(35,67): error TS1434: Unexpected keyword or identifier.\r\nroutes/update/index.ts(39,2): error TS1160: Unterminated template literal.\r\n\nTSError:  Unable to compile TypeScript:\nroutes/update/index.ts(13,103): error TS1109: Expression expected.\r\nroutes/update/index.ts(13,118): error TS1005: ',' expected.\r\nroutes/update/index.ts(13,119): error TS1472: 'catch' or 'finally' expected.\r\nroutes/update/index.ts(16,35): error TS1005: ']' expected.\r\nroutes/update/index.ts(16,39): error TS1128: Declaration or statement expected.\r\nroutes/update/index.ts(16,41): error TS1434: Unexpected keyword or identifier.\r\nroutes/update/index.ts(16,55): error TS1434: Unexpected keyword or identifier.\r\nroutes/update/index.ts(35,35): error TS1005: ']' expected.\r\nroutes/update/index.ts(35,39): error TS1128: Declaration or statement expected.\r\nroutes/update/index.ts(35,41): error TS1434: Unexpected keyword or identifier.\r\nroutes/update/index.ts(35,47): error TS1434: Unexpected keyword or identifier.\r\nroutes/update/index.ts(35,54): error TS1434: Unexpected keyword or identifier.\r\nroutes/update/index.ts(35,67): error TS1434: Unexpected keyword or identifier.\r\nroutes/update/index.ts(39,2): error TS1160: Unterminated template literal.\r\n\n    at createTSError (C:\\Users\\Viktor\\Desktop\\Ukama-backend\\user-api\\users-ms\\node_modules\\ts-node\\src\\index.ts:859:12)\n    at reportTSError (C:\\Users\\Viktor\\Desktop\\Ukama-backend\\user-api\\users-ms\\node_modules\\ts-node\\src\\index.ts:863:19)\n    at C:\\Users\\Viktor\\Desktop\\Ukama-backend\\user-api\\users-ms\\node_modules\\ts-node\\src\\index.ts:1379:34\n    at Object.compile (C:\\Users\\Viktor\\Desktop\\Ukama-backend\\user-api\\users-ms\\node_modules\\ts-node\\src\\index.ts:1458:13)\n    at Module.m._compile (C:\\Users\\Viktor\\Desktop\\Ukama-backend\\user-api\\users-ms\\node_modules\\ts-node\\src\\index.ts:1617:30)\n    at Module._extensions..js (node:internal/modules/cjs/loader:1435:10)\n    at Object.require.extensions.<computed> [as .ts] (C:\\Users\\Viktor\\Desktop\\Ukama-backend\\user-api\\users-ms\\node_modules\\ts-node\\src\\index.ts:1621:12)\n    at Module.load (node:internal/modules/cjs/loader:1207:32)\n    at Function.Module._load (node:internal/modules/cjs/loader:1023:12)\n    at Module.require (node:internal/modules/cjs/loader:1235:19)","os":{"loadavg":[0,0,0],"uptime":2119855.265},"process":{"argv":["C:\\Users\\Viktor\\Desktop\\Ukama-backend\\user-api\\users-ms\\node_modules\\ts-node\\dist\\bin.js","C:\\Users\\Viktor\\Desktop\\Ukama-backend\\user-api\\users-ms\\index.ts"],"cwd":"C:\\Users\\Viktor\\Desktop\\Ukama-backend\\user-api\\users-ms","execPath":"C:\\Users\\Viktor\\.nvm\\versions\\node\\v21.3.0\\bin\\node.exe","gid":null,"memoryUsage":{"arrayBuffers":20746123,"external":23816248,"heapTotal":92139520,"heapUsed":60931816,"rss":136015872},"pid":32524,"uid":null,"version":"v21.3.0"},"stack":"TSError:  Unable to compile TypeScript:\nroutes/update/index.ts(13,103): error TS1109: Expression expected.\r\nroutes/update/index.ts(13,118): error TS1005: ',' expected.\r\nroutes/update/index.ts(13,119): error TS1472: 'catch' or 'finally' expected.\r\nroutes/update/index.ts(16,35): error TS1005: ']' expected.\r\nroutes/update/index.ts(16,39): error TS1128: Declaration or statement expected.\r\nroutes/update/index.ts(16,41): error TS1434: Unexpected keyword or identifier.\r\nroutes/update/index.ts(16,55): error TS1434: Unexpected keyword or identifier.\r\nroutes/update/index.ts(35,35): error TS1005: ']' expected.\r\nroutes/update/index.ts(35,39): error TS1128: Declaration or statement expected.\r\nroutes/update/index.ts(35,41): error TS1434: Unexpected keyword or identifier.\r\nroutes/update/index.ts(35,47): error TS1434: Unexpected keyword or identifier.\r\nroutes/update/index.ts(35,54): error TS1434: Unexpected keyword or identifier.\r\nroutes/update/index.ts(35,67): error TS1434: Unexpected keyword or identifier.\r\nroutes/update/index.ts(39,2): error TS1160: Unterminated template literal.\r\n\n    at createTSError (C:\\Users\\Viktor\\Desktop\\Ukama-backend\\user-api\\users-ms\\node_modules\\ts-node\\src\\index.ts:859:12)\n    at reportTSError (C:\\Users\\Viktor\\Desktop\\Ukama-backend\\user-api\\users-ms\\node_modules\\ts-node\\src\\index.ts:863:19)\n    at C:\\Users\\Viktor\\Desktop\\Ukama-backend\\user-api\\users-ms\\node_modules\\ts-node\\src\\index.ts:1379:34\n    at Object.compile (C:\\Users\\Viktor\\Desktop\\Ukama-backend\\user-api\\users-ms\\node_modules\\ts-node\\src\\index.ts:1458:13)\n    at Module.m._compile (C:\\Users\\Viktor\\Desktop\\Ukama-backend\\user-api\\users-ms\\node_modules\\ts-node\\src\\index.ts:1617:30)\n    at Module._extensions..js (node:internal/modules/cjs/loader:1435:10)\n    at Object.require.extensions.<computed> [as .ts] (C:\\Users\\Viktor\\Desktop\\Ukama-backend\\user-api\\users-ms\\node_modules\\ts-node\\src\\index.ts:1621:12)\n    at Module.load (node:internal/modules/cjs/loader:1207:32)\n    at Function.Module._load (node:internal/modules/cjs/loader:1023:12)\n    at Module.require (node:internal/modules/cjs/loader:1235:19)","timestamp":"2024-05-11 23:52:09","trace":[{"column":12,"file":"C:\\Users\\Viktor\\Desktop\\Ukama-backend\\user-api\\users-ms\\node_modules\\ts-node\\src\\index.ts","function":"createTSError","line":859,"method":null,"native":false},{"column":19,"file":"C:\\Users\\Viktor\\Desktop\\Ukama-backend\\user-api\\users-ms\\node_modules\\ts-node\\src\\index.ts","function":"reportTSError","line":863,"method":null,"native":false},{"column":34,"file":"C:\\Users\\Viktor\\Desktop\\Ukama-backend\\user-api\\users-ms\\node_modules\\ts-node\\src\\index.ts","function":null,"line":1379,"method":null,"native":false},{"column":13,"file":"C:\\Users\\Viktor\\Desktop\\Ukama-backend\\user-api\\users-ms\\node_modules\\ts-node\\src\\index.ts","function":"Object.compile","line":1458,"method":"compile","native":false},{"column":30,"file":"C:\\Users\\Viktor\\Desktop\\Ukama-backend\\user-api\\users-ms\\node_modules\\ts-node\\src\\index.ts","function":"Module.m._compile","line":1617,"method":"_compile","native":false},{"column":10,"file":"node:internal/modules/cjs/loader","function":"Module._extensions..js","line":1435,"method":".js","native":false},{"column":12,"file":"C:\\Users\\Viktor\\Desktop\\Ukama-backend\\user-api\\users-ms\\node_modules\\ts-node\\src\\index.ts","function":"Object.require.extensions.<computed> [as .ts]","line":1621,"method":"ts]","native":false},{"column":32,"file":"node:internal/modules/cjs/loader","function":"Module.load","line":1207,"method":"load","native":false},{"column":12,"file":"node:internal/modules/cjs/loader","function":"Module._load","line":1023,"method":"_load","native":false},{"column":19,"file":"node:internal/modules/cjs/loader","function":"Module.require","line":1235,"method":"require","native":false}]}
{"date":"Sat May 11 2024 23:52:52 GMT+0200 (centraleuropeisk sommartid)","error":{"diagnosticCodes":[1003]},"exception":true,"level":"error","message":"uncaughtException:  Unable to compile TypeScript:\nroutes/update/index.ts(13,116): error TS1003: Identifier expected.\r\n\nTSError:  Unable to compile TypeScript:\nroutes/update/index.ts(13,116): error TS1003: Identifier expected.\r\n\n    at createTSError (C:\\Users\\Viktor\\Desktop\\Ukama-backend\\user-api\\users-ms\\node_modules\\ts-node\\src\\index.ts:859:12)\n    at reportTSError (C:\\Users\\Viktor\\Desktop\\Ukama-backend\\user-api\\users-ms\\node_modules\\ts-node\\src\\index.ts:863:19)\n    at C:\\Users\\Viktor\\Desktop\\Ukama-backend\\user-api\\users-ms\\node_modules\\ts-node\\src\\index.ts:1379:34\n    at Object.compile (C:\\Users\\Viktor\\Desktop\\Ukama-backend\\user-api\\users-ms\\node_modules\\ts-node\\src\\index.ts:1458:13)\n    at Module.m._compile (C:\\Users\\Viktor\\Desktop\\Ukama-backend\\user-api\\users-ms\\node_modules\\ts-node\\src\\index.ts:1617:30)\n    at Module._extensions..js (node:internal/modules/cjs/loader:1435:10)\n    at Object.require.extensions.<computed> [as .ts] (C:\\Users\\Viktor\\Desktop\\Ukama-backend\\user-api\\users-ms\\node_modules\\ts-node\\src\\index.ts:1621:12)\n    at Module.load (node:internal/modules/cjs/loader:1207:32)\n    at Function.Module._load (node:internal/modules/cjs/loader:1023:12)\n    at Module.require (node:internal/modules/cjs/loader:1235:19)","os":{"loadavg":[0,0,0],"uptime":2119898.078},"process":{"argv":["C:\\Users\\Viktor\\Desktop\\Ukama-backend\\user-api\\users-ms\\node_modules\\ts-node\\dist\\bin.js","C:\\Users\\Viktor\\Desktop\\Ukama-backend\\user-api\\users-ms\\index.ts"],"cwd":"C:\\Users\\Viktor\\Desktop\\Ukama-backend\\user-api\\users-ms","execPath":"C:\\Users\\Viktor\\.nvm\\versions\\node\\v21.3.0\\bin\\node.exe","gid":null,"memoryUsage":{"arrayBuffers":20746083,"external":23816208,"heapTotal":91877376,"heapUsed":60776232,"rss":136007680},"pid":15816,"uid":null,"version":"v21.3.0"},"stack":"TSError:  Unable to compile TypeScript:\nroutes/update/index.ts(13,116): error TS1003: Identifier expected.\r\n\n    at createTSError (C:\\Users\\Viktor\\Desktop\\Ukama-backend\\user-api\\users-ms\\node_modules\\ts-node\\src\\index.ts:859:12)\n    at reportTSError (C:\\Users\\Viktor\\Desktop\\Ukama-backend\\user-api\\users-ms\\node_modules\\ts-node\\src\\index.ts:863:19)\n    at C:\\Users\\Viktor\\Desktop\\Ukama-backend\\user-api\\users-ms\\node_modules\\ts-node\\src\\index.ts:1379:34\n    at Object.compile (C:\\Users\\Viktor\\Desktop\\Ukama-backend\\user-api\\users-ms\\node_modules\\ts-node\\src\\index.ts:1458:13)\n    at Module.m._compile (C:\\Users\\Viktor\\Desktop\\Ukama-backend\\user-api\\users-ms\\node_modules\\ts-node\\src\\index.ts:1617:30)\n    at Module._extensions..js (node:internal/modules/cjs/loader:1435:10)\n    at Object.require.extensions.<computed> [as .ts] (C:\\Users\\Viktor\\Desktop\\Ukama-backend\\user-api\\users-ms\\node_modules\\ts-node\\src\\index.ts:1621:12)\n    at Module.load (node:internal/modules/cjs/loader:1207:32)\n    at Function.Module._load (node:internal/modules/cjs/loader:1023:12)\n    at Module.require (node:internal/modules/cjs/loader:1235:19)","timestamp":"2024-05-11 23:52:52","trace":[{"column":12,"file":"C:\\Users\\Viktor\\Desktop\\Ukama-backend\\user-api\\users-ms\\node_modules\\ts-node\\src\\index.ts","function":"createTSError","line":859,"method":null,"native":false},{"column":19,"file":"C:\\Users\\Viktor\\Desktop\\Ukama-backend\\user-api\\users-ms\\node_modules\\ts-node\\src\\index.ts","function":"reportTSError","line":863,"method":null,"native":false},{"column":34,"file":"C:\\Users\\Viktor\\Desktop\\Ukama-backend\\user-api\\users-ms\\node_modules\\ts-node\\src\\index.ts","function":null,"line":1379,"method":null,"native":false},{"column":13,"file":"C:\\Users\\Viktor\\Desktop\\Ukama-backend\\user-api\\users-ms\\node_modules\\ts-node\\src\\index.ts","function":"Object.compile","line":1458,"method":"compile","native":false},{"column":30,"file":"C:\\Users\\Viktor\\Desktop\\Ukama-backend\\user-api\\users-ms\\node_modules\\ts-node\\src\\index.ts","function":"Module.m._compile","line":1617,"method":"_compile","native":false},{"column":10,"file":"node:internal/modules/cjs/loader","function":"Module._extensions..js","line":1435,"method":".js","native":false},{"column":12,"file":"C:\\Users\\Viktor\\Desktop\\Ukama-backend\\user-api\\users-ms\\node_modules\\ts-node\\src\\index.ts","function":"Object.require.extensions.<computed> [as .ts]","line":1621,"method":"ts]","native":false},{"column":32,"file":"node:internal/modules/cjs/loader","function":"Module.load","line":1207,"method":"load","native":false},{"column":12,"file":"node:internal/modules/cjs/loader","function":"Module._load","line":1023,"method":"_load","native":false},{"column":19,"file":"node:internal/modules/cjs/loader","function":"Module.require","line":1235,"method":"require","native":false}]}
{"date":"Sun May 12 2024 00:07:49 GMT+0200 (centraleuropeisk sommartid)","error":{"diagnosticCodes":[1005,1472,1005]},"exception":true,"level":"error","message":"uncaughtException:  Unable to compile TypeScript:\nroutes/update/index.ts(35,11): error TS1005: 'try' expected.\r\nroutes/update/index.ts(39,6): error TS1472: 'catch' or 'finally' expected.\r\nroutes/update/index.ts(40,2): error TS1005: '}' expected.\r\n\nTSError:  Unable to compile TypeScript:\nroutes/update/index.ts(35,11): error TS1005: 'try' expected.\r\nroutes/update/index.ts(39,6): error TS1472: 'catch' or 'finally' expected.\r\nroutes/update/index.ts(40,2): error TS1005: '}' expected.\r\n\n    at createTSError (C:\\Users\\Viktor\\Desktop\\Ukama-backend\\user-api\\users-ms\\node_modules\\ts-node\\src\\index.ts:859:12)\n    at reportTSError (C:\\Users\\Viktor\\Desktop\\Ukama-backend\\user-api\\users-ms\\node_modules\\ts-node\\src\\index.ts:863:19)\n    at C:\\Users\\Viktor\\Desktop\\Ukama-backend\\user-api\\users-ms\\node_modules\\ts-node\\src\\index.ts:1379:34\n    at Object.compile (C:\\Users\\Viktor\\Desktop\\Ukama-backend\\user-api\\users-ms\\node_modules\\ts-node\\src\\index.ts:1458:13)\n    at Module.m._compile (C:\\Users\\Viktor\\Desktop\\Ukama-backend\\user-api\\users-ms\\node_modules\\ts-node\\src\\index.ts:1617:30)\n    at Module._extensions..js (node:internal/modules/cjs/loader:1435:10)\n    at Object.require.extensions.<computed> [as .ts] (C:\\Users\\Viktor\\Desktop\\Ukama-backend\\user-api\\users-ms\\node_modules\\ts-node\\src\\index.ts:1621:12)\n    at Module.load (node:internal/modules/cjs/loader:1207:32)\n    at Function.Module._load (node:internal/modules/cjs/loader:1023:12)\n    at Module.require (node:internal/modules/cjs/loader:1235:19)","os":{"loadavg":[0,0,0],"uptime":2120794.843},"process":{"argv":["C:\\Users\\Viktor\\Desktop\\Ukama-backend\\user-api\\users-ms\\node_modules\\ts-node\\dist\\bin.js","C:\\Users\\Viktor\\Desktop\\Ukama-backend\\user-api\\users-ms\\index.ts"],"cwd":"C:\\Users\\Viktor\\Desktop\\Ukama-backend\\user-api\\users-ms","execPath":"C:\\Users\\Viktor\\.nvm\\versions\\node\\v21.3.0\\bin\\node.exe","gid":null,"memoryUsage":{"arrayBuffers":20746211,"external":23816336,"heapTotal":91615232,"heapUsed":60852032,"rss":136269824},"pid":13788,"uid":null,"version":"v21.3.0"},"stack":"TSError:  Unable to compile TypeScript:\nroutes/update/index.ts(35,11): error TS1005: 'try' expected.\r\nroutes/update/index.ts(39,6): error TS1472: 'catch' or 'finally' expected.\r\nroutes/update/index.ts(40,2): error TS1005: '}' expected.\r\n\n    at createTSError (C:\\Users\\Viktor\\Desktop\\Ukama-backend\\user-api\\users-ms\\node_modules\\ts-node\\src\\index.ts:859:12)\n    at reportTSError (C:\\Users\\Viktor\\Desktop\\Ukama-backend\\user-api\\users-ms\\node_modules\\ts-node\\src\\index.ts:863:19)\n    at C:\\Users\\Viktor\\Desktop\\Ukama-backend\\user-api\\users-ms\\node_modules\\ts-node\\src\\index.ts:1379:34\n    at Object.compile (C:\\Users\\Viktor\\Desktop\\Ukama-backend\\user-api\\users-ms\\node_modules\\ts-node\\src\\index.ts:1458:13)\n    at Module.m._compile (C:\\Users\\Viktor\\Desktop\\Ukama-backend\\user-api\\users-ms\\node_modules\\ts-node\\src\\index.ts:1617:30)\n    at Module._extensions..js (node:internal/modules/cjs/loader:1435:10)\n    at Object.require.extensions.<computed> [as .ts] (C:\\Users\\Viktor\\Desktop\\Ukama-backend\\user-api\\users-ms\\node_modules\\ts-node\\src\\index.ts:1621:12)\n    at Module.load (node:internal/modules/cjs/loader:1207:32)\n    at Function.Module._load (node:internal/modules/cjs/loader:1023:12)\n    at Module.require (node:internal/modules/cjs/loader:1235:19)","timestamp":"2024-05-12 00:07:49","trace":[{"column":12,"file":"C:\\Users\\Viktor\\Desktop\\Ukama-backend\\user-api\\users-ms\\node_modules\\ts-node\\src\\index.ts","function":"createTSError","line":859,"method":null,"native":false},{"column":19,"file":"C:\\Users\\Viktor\\Desktop\\Ukama-backend\\user-api\\users-ms\\node_modules\\ts-node\\src\\index.ts","function":"reportTSError","line":863,"method":null,"native":false},{"column":34,"file":"C:\\Users\\Viktor\\Desktop\\Ukama-backend\\user-api\\users-ms\\node_modules\\ts-node\\src\\index.ts","function":null,"line":1379,"method":null,"native":false},{"column":13,"file":"C:\\Users\\Viktor\\Desktop\\Ukama-backend\\user-api\\users-ms\\node_modules\\ts-node\\src\\index.ts","function":"Object.compile","line":1458,"method":"compile","native":false},{"column":30,"file":"C:\\Users\\Viktor\\Desktop\\Ukama-backend\\user-api\\users-ms\\node_modules\\ts-node\\src\\index.ts","function":"Module.m._compile","line":1617,"method":"_compile","native":false},{"column":10,"file":"node:internal/modules/cjs/loader","function":"Module._extensions..js","line":1435,"method":".js","native":false},{"column":12,"file":"C:\\Users\\Viktor\\Desktop\\Ukama-backend\\user-api\\users-ms\\node_modules\\ts-node\\src\\index.ts","function":"Object.require.extensions.<computed> [as .ts]","line":1621,"method":"ts]","native":false},{"column":32,"file":"node:internal/modules/cjs/loader","function":"Module.load","line":1207,"method":"load","native":false},{"column":12,"file":"node:internal/modules/cjs/loader","function":"Module._load","line":1023,"method":"_load","native":false},{"column":19,"file":"node:internal/modules/cjs/loader","function":"Module.require","line":1235,"method":"require","native":false}]}
{"level":"error","message":"[USERS_MS] MongoDB connection error: MongooseServerSelectionError: connect ECONNREFUSED 127.0.0.1:27017","timestamp":"2024-05-12 00:15:27"}
{"level":"error","message":"[USERS_MS] MongoDB connection error: MongooseServerSelectionError: connect ECONNREFUSED 127.0.0.1:27017","timestamp":"2024-05-12 00:17:28"}
{"level":"error","message":"[USERS_MS] MongoDB connection error: MongooseServerSelectionError: connect ECONNREFUSED 127.0.0.1:27017","timestamp":"2024-05-12 00:20:19"}
{"date":"Sun May 12 2024 00:20:51 GMT+0200 (centraleuropeisk sommartid)","error":{"diagnosticCodes":[1005]},"exception":true,"level":"error","message":"uncaughtException:  Unable to compile TypeScript:\nroutes/update/index.ts(16,60): error TS1005: ')' expected.\r\n\nTSError:  Unable to compile TypeScript:\nroutes/update/index.ts(16,60): error TS1005: ')' expected.\r\n\n    at createTSError (C:\\Users\\Viktor\\Desktop\\Ukama-backend\\user-api\\users-ms\\node_modules\\ts-node\\src\\index.ts:859:12)\n    at reportTSError (C:\\Users\\Viktor\\Desktop\\Ukama-backend\\user-api\\users-ms\\node_modules\\ts-node\\src\\index.ts:863:19)\n    at C:\\Users\\Viktor\\Desktop\\Ukama-backend\\user-api\\users-ms\\node_modules\\ts-node\\src\\index.ts:1379:34\n    at Object.compile (C:\\Users\\Viktor\\Desktop\\Ukama-backend\\user-api\\users-ms\\node_modules\\ts-node\\src\\index.ts:1458:13)\n    at Module.m._compile (C:\\Users\\Viktor\\Desktop\\Ukama-backend\\user-api\\users-ms\\node_modules\\ts-node\\src\\index.ts:1617:30)\n    at Module._extensions..js (node:internal/modules/cjs/loader:1435:10)\n    at Object.require.extensions.<computed> [as .ts] (C:\\Users\\Viktor\\Desktop\\Ukama-backend\\user-api\\users-ms\\node_modules\\ts-node\\src\\index.ts:1621:12)\n    at Module.load (node:internal/modules/cjs/loader:1207:32)\n    at Function.Module._load (node:internal/modules/cjs/loader:1023:12)\n    at Module.require (node:internal/modules/cjs/loader:1235:19)","os":{"loadavg":[0,0,0],"uptime":2121577.437},"process":{"argv":["C:\\Users\\Viktor\\Desktop\\Ukama-backend\\user-api\\users-ms\\node_modules\\ts-node\\dist\\bin.js","C:\\Users\\Viktor\\Desktop\\Ukama-backend\\user-api\\users-ms\\index.ts"],"cwd":"C:\\Users\\Viktor\\Desktop\\Ukama-backend\\user-api\\users-ms","execPath":"C:\\Users\\Viktor\\.nvm\\versions\\node\\v21.3.0\\bin\\node.exe","gid":null,"memoryUsage":{"arrayBuffers":20746043,"external":23816168,"heapTotal":91877376,"heapUsed":60883160,"rss":135827456},"pid":5832,"uid":null,"version":"v21.3.0"},"stack":"TSError:  Unable to compile TypeScript:\nroutes/update/index.ts(16,60): error TS1005: ')' expected.\r\n\n    at createTSError (C:\\Users\\Viktor\\Desktop\\Ukama-backend\\user-api\\users-ms\\node_modules\\ts-node\\src\\index.ts:859:12)\n    at reportTSError (C:\\Users\\Viktor\\Desktop\\Ukama-backend\\user-api\\users-ms\\node_modules\\ts-node\\src\\index.ts:863:19)\n    at C:\\Users\\Viktor\\Desktop\\Ukama-backend\\user-api\\users-ms\\node_modules\\ts-node\\src\\index.ts:1379:34\n    at Object.compile (C:\\Users\\Viktor\\Desktop\\Ukama-backend\\user-api\\users-ms\\node_modules\\ts-node\\src\\index.ts:1458:13)\n    at Module.m._compile (C:\\Users\\Viktor\\Desktop\\Ukama-backend\\user-api\\users-ms\\node_modules\\ts-node\\src\\index.ts:1617:30)\n    at Module._extensions..js (node:internal/modules/cjs/loader:1435:10)\n    at Object.require.extensions.<computed> [as .ts] (C:\\Users\\Viktor\\Desktop\\Ukama-backend\\user-api\\users-ms\\node_modules\\ts-node\\src\\index.ts:1621:12)\n    at Module.load (node:internal/modules/cjs/loader:1207:32)\n    at Function.Module._load (node:internal/modules/cjs/loader:1023:12)\n    at Module.require (node:internal/modules/cjs/loader:1235:19)","timestamp":"2024-05-12 00:20:51","trace":[{"column":12,"file":"C:\\Users\\Viktor\\Desktop\\Ukama-backend\\user-api\\users-ms\\node_modules\\ts-node\\src\\index.ts","function":"createTSError","line":859,"method":null,"native":false},{"column":19,"file":"C:\\Users\\Viktor\\Desktop\\Ukama-backend\\user-api\\users-ms\\node_modules\\ts-node\\src\\index.ts","function":"reportTSError","line":863,"method":null,"native":false},{"column":34,"file":"C:\\Users\\Viktor\\Desktop\\Ukama-backend\\user-api\\users-ms\\node_modules\\ts-node\\src\\index.ts","function":null,"line":1379,"method":null,"native":false},{"column":13,"file":"C:\\Users\\Viktor\\Desktop\\Ukama-backend\\user-api\\users-ms\\node_modules\\ts-node\\src\\index.ts","function":"Object.compile","line":1458,"method":"compile","native":false},{"column":30,"file":"C:\\Users\\Viktor\\Desktop\\Ukama-backend\\user-api\\users-ms\\node_modules\\ts-node\\src\\index.ts","function":"Module.m._compile","line":1617,"method":"_compile","native":false},{"column":10,"file":"node:internal/modules/cjs/loader","function":"Module._extensions..js","line":1435,"method":".js","native":false},{"column":12,"file":"C:\\Users\\Viktor\\Desktop\\Ukama-backend\\user-api\\users-ms\\node_modules\\ts-node\\src\\index.ts","function":"Object.require.extensions.<computed> [as .ts]","line":1621,"method":"ts]","native":false},{"column":32,"file":"node:internal/modules/cjs/loader","function":"Module.load","line":1207,"method":"load","native":false},{"column":12,"file":"node:internal/modules/cjs/loader","function":"Module._load","line":1023,"method":"_load","native":false},{"column":19,"file":"node:internal/modules/cjs/loader","function":"Module.require","line":1235,"method":"require","native":false}]}
{"level":"error","message":"[USERS_MS] MongoDB connection error: MongooseServerSelectionError: connect ECONNREFUSED 127.0.0.1:27017","timestamp":"2024-05-12 00:21:23"}
{"date":"Sun May 12 2024 00:29:08 GMT+0200 (centraleuropeisk sommartid)","error":{"diagnosticCodes":[1003]},"exception":true,"level":"error","message":"uncaughtException:  Unable to compile TypeScript:\nroutes/update/index.ts(26,26): error TS1003: Identifier expected.\r\n\nTSError:  Unable to compile TypeScript:\nroutes/update/index.ts(26,26): error TS1003: Identifier expected.\r\n\n    at createTSError (C:\\Users\\Viktor\\Desktop\\Ukama-backend\\user-api\\users-ms\\node_modules\\ts-node\\src\\index.ts:859:12)\n    at reportTSError (C:\\Users\\Viktor\\Desktop\\Ukama-backend\\user-api\\users-ms\\node_modules\\ts-node\\src\\index.ts:863:19)\n    at C:\\Users\\Viktor\\Desktop\\Ukama-backend\\user-api\\users-ms\\node_modules\\ts-node\\src\\index.ts:1379:34\n    at Object.compile (C:\\Users\\Viktor\\Desktop\\Ukama-backend\\user-api\\users-ms\\node_modules\\ts-node\\src\\index.ts:1458:13)\n    at Module.m._compile (C:\\Users\\Viktor\\Desktop\\Ukama-backend\\user-api\\users-ms\\node_modules\\ts-node\\src\\index.ts:1617:30)\n    at Module._extensions..js (node:internal/modules/cjs/loader:1435:10)\n    at Object.require.extensions.<computed> [as .ts] (C:\\Users\\Viktor\\Desktop\\Ukama-backend\\user-api\\users-ms\\node_modules\\ts-node\\src\\index.ts:1621:12)\n    at Module.load (node:internal/modules/cjs/loader:1207:32)\n    at Function.Module._load (node:internal/modules/cjs/loader:1023:12)\n    at Module.require (node:internal/modules/cjs/loader:1235:19)","os":{"loadavg":[0,0,0],"uptime":2122074.484},"process":{"argv":["C:\\Users\\Viktor\\Desktop\\Ukama-backend\\user-api\\users-ms\\node_modules\\ts-node\\dist\\bin.js","C:\\Users\\Viktor\\Desktop\\Ukama-backend\\user-api\\users-ms\\index.ts"],"cwd":"C:\\Users\\Viktor\\Desktop\\Ukama-backend\\user-api\\users-ms","execPath":"C:\\Users\\Viktor\\.nvm\\versions\\node\\v21.3.0\\bin\\node.exe","gid":null,"memoryUsage":{"arrayBuffers":20746075,"external":23816200,"heapTotal":91615232,"heapUsed":61007968,"rss":136130560},"pid":23792,"uid":null,"version":"v21.3.0"},"stack":"TSError:  Unable to compile TypeScript:\nroutes/update/index.ts(26,26): error TS1003: Identifier expected.\r\n\n    at createTSError (C:\\Users\\Viktor\\Desktop\\Ukama-backend\\user-api\\users-ms\\node_modules\\ts-node\\src\\index.ts:859:12)\n    at reportTSError (C:\\Users\\Viktor\\Desktop\\Ukama-backend\\user-api\\users-ms\\node_modules\\ts-node\\src\\index.ts:863:19)\n    at C:\\Users\\Viktor\\Desktop\\Ukama-backend\\user-api\\users-ms\\node_modules\\ts-node\\src\\index.ts:1379:34\n    at Object.compile (C:\\Users\\Viktor\\Desktop\\Ukama-backend\\user-api\\users-ms\\node_modules\\ts-node\\src\\index.ts:1458:13)\n    at Module.m._compile (C:\\Users\\Viktor\\Desktop\\Ukama-backend\\user-api\\users-ms\\node_modules\\ts-node\\src\\index.ts:1617:30)\n    at Module._extensions..js (node:internal/modules/cjs/loader:1435:10)\n    at Object.require.extensions.<computed> [as .ts] (C:\\Users\\Viktor\\Desktop\\Ukama-backend\\user-api\\users-ms\\node_modules\\ts-node\\src\\index.ts:1621:12)\n    at Module.load (node:internal/modules/cjs/loader:1207:32)\n    at Function.Module._load (node:internal/modules/cjs/loader:1023:12)\n    at Module.require (node:internal/modules/cjs/loader:1235:19)","timestamp":"2024-05-12 00:29:08","trace":[{"column":12,"file":"C:\\Users\\Viktor\\Desktop\\Ukama-backend\\user-api\\users-ms\\node_modules\\ts-node\\src\\index.ts","function":"createTSError","line":859,"method":null,"native":false},{"column":19,"file":"C:\\Users\\Viktor\\Desktop\\Ukama-backend\\user-api\\users-ms\\node_modules\\ts-node\\src\\index.ts","function":"reportTSError","line":863,"method":null,"native":false},{"column":34,"file":"C:\\Users\\Viktor\\Desktop\\Ukama-backend\\user-api\\users-ms\\node_modules\\ts-node\\src\\index.ts","function":null,"line":1379,"method":null,"native":false},{"column":13,"file":"C:\\Users\\Viktor\\Desktop\\Ukama-backend\\user-api\\users-ms\\node_modules\\ts-node\\src\\index.ts","function":"Object.compile","line":1458,"method":"compile","native":false},{"column":30,"file":"C:\\Users\\Viktor\\Desktop\\Ukama-backend\\user-api\\users-ms\\node_modules\\ts-node\\src\\index.ts","function":"Module.m._compile","line":1617,"method":"_compile","native":false},{"column":10,"file":"node:internal/modules/cjs/loader","function":"Module._extensions..js","line":1435,"method":".js","native":false},{"column":12,"file":"C:\\Users\\Viktor\\Desktop\\Ukama-backend\\user-api\\users-ms\\node_modules\\ts-node\\src\\index.ts","function":"Object.require.extensions.<computed> [as .ts]","line":1621,"method":"ts]","native":false},{"column":32,"file":"node:internal/modules/cjs/loader","function":"Module.load","line":1207,"method":"load","native":false},{"column":12,"file":"node:internal/modules/cjs/loader","function":"Module._load","line":1023,"method":"_load","native":false},{"column":19,"file":"node:internal/modules/cjs/loader","function":"Module.require","line":1235,"method":"require","native":false}]}
{"date":"Sun May 12 2024 00:29:14 GMT+0200 (centraleuropeisk sommartid)","error":{"diagnosticCodes":[1003]},"exception":true,"level":"error","message":"uncaughtException:  Unable to compile TypeScript:\nroutes/update/index.ts(26,26): error TS1003: Identifier expected.\r\n\nTSError:  Unable to compile TypeScript:\nroutes/update/index.ts(26,26): error TS1003: Identifier expected.\r\n\n    at createTSError (C:\\Users\\Viktor\\Desktop\\Ukama-backend\\user-api\\users-ms\\node_modules\\ts-node\\src\\index.ts:859:12)\n    at reportTSError (C:\\Users\\Viktor\\Desktop\\Ukama-backend\\user-api\\users-ms\\node_modules\\ts-node\\src\\index.ts:863:19)\n    at C:\\Users\\Viktor\\Desktop\\Ukama-backend\\user-api\\users-ms\\node_modules\\ts-node\\src\\index.ts:1379:34\n    at Object.compile (C:\\Users\\Viktor\\Desktop\\Ukama-backend\\user-api\\users-ms\\node_modules\\ts-node\\src\\index.ts:1458:13)\n    at Module.m._compile (C:\\Users\\Viktor\\Desktop\\Ukama-backend\\user-api\\users-ms\\node_modules\\ts-node\\src\\index.ts:1617:30)\n    at Module._extensions..js (node:internal/modules/cjs/loader:1435:10)\n    at Object.require.extensions.<computed> [as .ts] (C:\\Users\\Viktor\\Desktop\\Ukama-backend\\user-api\\users-ms\\node_modules\\ts-node\\src\\index.ts:1621:12)\n    at Module.load (node:internal/modules/cjs/loader:1207:32)\n    at Function.Module._load (node:internal/modules/cjs/loader:1023:12)\n    at Module.require (node:internal/modules/cjs/loader:1235:19)","os":{"loadavg":[0,0,0],"uptime":2122080.5},"process":{"argv":["C:\\Users\\Viktor\\Desktop\\Ukama-backend\\user-api\\users-ms\\node_modules\\ts-node\\dist\\bin.js","C:\\Users\\Viktor\\Desktop\\Ukama-backend\\user-api\\users-ms\\index.ts"],"cwd":"C:\\Users\\Viktor\\Desktop\\Ukama-backend\\user-api\\users-ms","execPath":"C:\\Users\\Viktor\\.nvm\\versions\\node\\v21.3.0\\bin\\node.exe","gid":null,"memoryUsage":{"arrayBuffers":20750642,"external":23816344,"heapTotal":87945216,"heapUsed":69522376,"rss":132120576},"pid":21904,"uid":null,"version":"v21.3.0"},"stack":"TSError:  Unable to compile TypeScript:\nroutes/update/index.ts(26,26): error TS1003: Identifier expected.\r\n\n    at createTSError (C:\\Users\\Viktor\\Desktop\\Ukama-backend\\user-api\\users-ms\\node_modules\\ts-node\\src\\index.ts:859:12)\n    at reportTSError (C:\\Users\\Viktor\\Desktop\\Ukama-backend\\user-api\\users-ms\\node_modules\\ts-node\\src\\index.ts:863:19)\n    at C:\\Users\\Viktor\\Desktop\\Ukama-backend\\user-api\\users-ms\\node_modules\\ts-node\\src\\index.ts:1379:34\n    at Object.compile (C:\\Users\\Viktor\\Desktop\\Ukama-backend\\user-api\\users-ms\\node_modules\\ts-node\\src\\index.ts:1458:13)\n    at Module.m._compile (C:\\Users\\Viktor\\Desktop\\Ukama-backend\\user-api\\users-ms\\node_modules\\ts-node\\src\\index.ts:1617:30)\n    at Module._extensions..js (node:internal/modules/cjs/loader:1435:10)\n    at Object.require.extensions.<computed> [as .ts] (C:\\Users\\Viktor\\Desktop\\Ukama-backend\\user-api\\users-ms\\node_modules\\ts-node\\src\\index.ts:1621:12)\n    at Module.load (node:internal/modules/cjs/loader:1207:32)\n    at Function.Module._load (node:internal/modules/cjs/loader:1023:12)\n    at Module.require (node:internal/modules/cjs/loader:1235:19)","timestamp":"2024-05-12 00:29:14","trace":[{"column":12,"file":"C:\\Users\\Viktor\\Desktop\\Ukama-backend\\user-api\\users-ms\\node_modules\\ts-node\\src\\index.ts","function":"createTSError","line":859,"method":null,"native":false},{"column":19,"file":"C:\\Users\\Viktor\\Desktop\\Ukama-backend\\user-api\\users-ms\\node_modules\\ts-node\\src\\index.ts","function":"reportTSError","line":863,"method":null,"native":false},{"column":34,"file":"C:\\Users\\Viktor\\Desktop\\Ukama-backend\\user-api\\users-ms\\node_modules\\ts-node\\src\\index.ts","function":null,"line":1379,"method":null,"native":false},{"column":13,"file":"C:\\Users\\Viktor\\Desktop\\Ukama-backend\\user-api\\users-ms\\node_modules\\ts-node\\src\\index.ts","function":"Object.compile","line":1458,"method":"compile","native":false},{"column":30,"file":"C:\\Users\\Viktor\\Desktop\\Ukama-backend\\user-api\\users-ms\\node_modules\\ts-node\\src\\index.ts","function":"Module.m._compile","line":1617,"method":"_compile","native":false},{"column":10,"file":"node:internal/modules/cjs/loader","function":"Module._extensions..js","line":1435,"method":".js","native":false},{"column":12,"file":"C:\\Users\\Viktor\\Desktop\\Ukama-backend\\user-api\\users-ms\\node_modules\\ts-node\\src\\index.ts","function":"Object.require.extensions.<computed> [as .ts]","line":1621,"method":"ts]","native":false},{"column":32,"file":"node:internal/modules/cjs/loader","function":"Module.load","line":1207,"method":"load","native":false},{"column":12,"file":"node:internal/modules/cjs/loader","function":"Module._load","line":1023,"method":"_load","native":false},{"column":19,"file":"node:internal/modules/cjs/loader","function":"Module.require","line":1235,"method":"require","native":false}]}
{"date":"Sun May 12 2024 00:29:23 GMT+0200 (centraleuropeisk sommartid)","error":{"diagnosticCodes":[1003]},"exception":true,"level":"error","message":"uncaughtException:  Unable to compile TypeScript:\nroutes/update/index.ts(26,26): error TS1003: Identifier expected.\r\n\nTSError:  Unable to compile TypeScript:\nroutes/update/index.ts(26,26): error TS1003: Identifier expected.\r\n\n    at createTSError (C:\\Users\\Viktor\\Desktop\\Ukama-backend\\user-api\\users-ms\\node_modules\\ts-node\\src\\index.ts:859:12)\n    at reportTSError (C:\\Users\\Viktor\\Desktop\\Ukama-backend\\user-api\\users-ms\\node_modules\\ts-node\\src\\index.ts:863:19)\n    at C:\\Users\\Viktor\\Desktop\\Ukama-backend\\user-api\\users-ms\\node_modules\\ts-node\\src\\index.ts:1379:34\n    at Object.compile (C:\\Users\\Viktor\\Desktop\\Ukama-backend\\user-api\\users-ms\\node_modules\\ts-node\\src\\index.ts:1458:13)\n    at Module.m._compile (C:\\Users\\Viktor\\Desktop\\Ukama-backend\\user-api\\users-ms\\node_modules\\ts-node\\src\\index.ts:1617:30)\n    at Module._extensions..js (node:internal/modules/cjs/loader:1435:10)\n    at Object.require.extensions.<computed> [as .ts] (C:\\Users\\Viktor\\Desktop\\Ukama-backend\\user-api\\users-ms\\node_modules\\ts-node\\src\\index.ts:1621:12)\n    at Module.load (node:internal/modules/cjs/loader:1207:32)\n    at Function.Module._load (node:internal/modules/cjs/loader:1023:12)\n    at Module.require (node:internal/modules/cjs/loader:1235:19)","os":{"loadavg":[0,0,0],"uptime":2122088.859},"process":{"argv":["C:\\Users\\Viktor\\Desktop\\Ukama-backend\\user-api\\users-ms\\node_modules\\ts-node\\dist\\bin.js","C:\\Users\\Viktor\\Desktop\\Ukama-backend\\user-api\\users-ms\\index.ts"],"cwd":"C:\\Users\\Viktor\\Desktop\\Ukama-backend\\user-api\\users-ms","execPath":"C:\\Users\\Viktor\\.nvm\\versions\\node\\v21.3.0\\bin\\node.exe","gid":null,"memoryUsage":{"arrayBuffers":20746195,"external":23816320,"heapTotal":91877376,"heapUsed":60828584,"rss":135921664},"pid":24600,"uid":null,"version":"v21.3.0"},"stack":"TSError:  Unable to compile TypeScript:\nroutes/update/index.ts(26,26): error TS1003: Identifier expected.\r\n\n    at createTSError (C:\\Users\\Viktor\\Desktop\\Ukama-backend\\user-api\\users-ms\\node_modules\\ts-node\\src\\index.ts:859:12)\n    at reportTSError (C:\\Users\\Viktor\\Desktop\\Ukama-backend\\user-api\\users-ms\\node_modules\\ts-node\\src\\index.ts:863:19)\n    at C:\\Users\\Viktor\\Desktop\\Ukama-backend\\user-api\\users-ms\\node_modules\\ts-node\\src\\index.ts:1379:34\n    at Object.compile (C:\\Users\\Viktor\\Desktop\\Ukama-backend\\user-api\\users-ms\\node_modules\\ts-node\\src\\index.ts:1458:13)\n    at Module.m._compile (C:\\Users\\Viktor\\Desktop\\Ukama-backend\\user-api\\users-ms\\node_modules\\ts-node\\src\\index.ts:1617:30)\n    at Module._extensions..js (node:internal/modules/cjs/loader:1435:10)\n    at Object.require.extensions.<computed> [as .ts] (C:\\Users\\Viktor\\Desktop\\Ukama-backend\\user-api\\users-ms\\node_modules\\ts-node\\src\\index.ts:1621:12)\n    at Module.load (node:internal/modules/cjs/loader:1207:32)\n    at Function.Module._load (node:internal/modules/cjs/loader:1023:12)\n    at Module.require (node:internal/modules/cjs/loader:1235:19)","timestamp":"2024-05-12 00:29:23","trace":[{"column":12,"file":"C:\\Users\\Viktor\\Desktop\\Ukama-backend\\user-api\\users-ms\\node_modules\\ts-node\\src\\index.ts","function":"createTSError","line":859,"method":null,"native":false},{"column":19,"file":"C:\\Users\\Viktor\\Desktop\\Ukama-backend\\user-api\\users-ms\\node_modules\\ts-node\\src\\index.ts","function":"reportTSError","line":863,"method":null,"native":false},{"column":34,"file":"C:\\Users\\Viktor\\Desktop\\Ukama-backend\\user-api\\users-ms\\node_modules\\ts-node\\src\\index.ts","function":null,"line":1379,"method":null,"native":false},{"column":13,"file":"C:\\Users\\Viktor\\Desktop\\Ukama-backend\\user-api\\users-ms\\node_modules\\ts-node\\src\\index.ts","function":"Object.compile","line":1458,"method":"compile","native":false},{"column":30,"file":"C:\\Users\\Viktor\\Desktop\\Ukama-backend\\user-api\\users-ms\\node_modules\\ts-node\\src\\index.ts","function":"Module.m._compile","line":1617,"method":"_compile","native":false},{"column":10,"file":"node:internal/modules/cjs/loader","function":"Module._extensions..js","line":1435,"method":".js","native":false},{"column":12,"file":"C:\\Users\\Viktor\\Desktop\\Ukama-backend\\user-api\\users-ms\\node_modules\\ts-node\\src\\index.ts","function":"Object.require.extensions.<computed> [as .ts]","line":1621,"method":"ts]","native":false},{"column":32,"file":"node:internal/modules/cjs/loader","function":"Module.load","line":1207,"method":"load","native":false},{"column":12,"file":"node:internal/modules/cjs/loader","function":"Module._load","line":1023,"method":"_load","native":false},{"column":19,"file":"node:internal/modules/cjs/loader","function":"Module.require","line":1235,"method":"require","native":false}]}
{"level":"error","message":"[USERS_MS] MongoDB connection error: MongooseServerSelectionError: connect ECONNREFUSED 127.0.0.1:27017","timestamp":"2024-05-12 09:48:44"}
{"level":"error","message":"[UPDATE USER] Error during user update: User validation failed: roles.0: `+j` is not a valid enum value for path `roles.0`.","timestamp":"2024-05-12 11:45:02"}
{"level":"error","message":"[UPDATE USER] User not found","timestamp":"2024-05-12 12:41:52"}
{"level":"error","message":"[USERS_MS] MongoDB connection error: MongooseServerSelectionError: connect ETIMEDOUT 192.168.50.12:27017","timestamp":"2024-07-16 15:47:08"}
{"level":"error","message":"[USERS_MS] MongoDB connection error: MongooseServerSelectionError: connect ETIMEDOUT 192.168.50.12:27017","timestamp":"2024-07-18 22:05:31"}
